#
# A fatal error has been detected by the Java Runtime Environment:
#
#  SIGSEGV (0xb) at pc=0x00007fa2411a0eca, pid=10269, tid=0x00007fa22c1f1700
#
# JRE version: OpenJDK Runtime Environment (8.0_112-b06) (build 1.8.0_112-release-b06)
# Java VM: OpenJDK 64-Bit Server VM (25.112-b06 mixed mode linux-amd64 compressed oops)
# Problematic frame:
# V  [libjvm.so+0x486eca]  oopDesc::size()+0x5a
#
# Failed to write core dump. Core dumps have been disabled. To enable core dumping, try "ulimit -c unlimited" before starting Java again
#
# If you would like to submit a bug report, please visit:
#   http://bugreport.java.com/bugreport/crash.jsp
#

---------------  T H R E A D  ---------------

Current thread (0x00007fa23c01f000):  GCTaskThread [stack: 0x00007fa22c0f1000,0x00007fa22c1f2000] [id=10273]

siginfo: si_signo: 11 (SIGSEGV), si_code: 1 (SEGV_MAPERR), si_addr: 0x0000000c000000fa

Registers:
RAX=0x0000000c00000012, RBX=0x00000000c195ebf8, RCX=0x0000000000000003, RDX=0x0000000100100768
RSP=0x00007fa22c1f0ba8, RBP=0x00007fa22c1f0c10, RSI=0x00000000c195ebf8, RDI=0x0000000100100768
R8 =0x00000000c195ebf8, R9 =0x0000000000000018, R10=0x00007fa241be8340, R11=0x0000000000000040
R12=0x00007fa23c0704c0, R13=0x00000001004d8ee8, R14=0x00000000c195ebf0, R15=0x00000000c195ebf4
RIP=0x00007fa2411a0eca, EFLAGS=0x0000000000010246, CSGSFS=0x0000000000000033, ERR=0x0000000000000004
  TRAPNO=0x000000000000000e

Top of Stack: (sp=0x00007fa22c1f0ba8)
0x00007fa22c1f0ba8:   00007fa24130bb20 00007fa241be8340
0x00007fa22c1f0bb8:   00007fa23c070500 00000000c195ebd8
0x00007fa22c1f0bc8:   00000001004d8ef0 00007fa241be8340
0x00007fa22c1f0bd8:   0000000000000003 00007fa23c0704c0
0x00007fa22c1f0be8:   00007fa241be43d0 00007fa23c023240
0x00007fa22c1f0bf8:   00007fa23c0704c0 00007fa23c01f580
0x00007fa22c1f0c08:   00007fa23c01f530 00007fa22c1f0ce0
0x00007fa22c1f0c18:   00007fa2415c2892 00007fa23c070580
0x00007fa22c1f0c28:   00007fa23c070550 00007fa23c070580
0x00007fa22c1f0c38:   0000000000000400 00007fa23c0704d0
0x00007fa22c1f0c48:   0000000000000400 00007fa23c070500
0x00007fa22c1f0c58:   00007fa241bdd8f4 00000000c0253070
0x00007fa22c1f0c68:   00007fa2415ca2eb 00000000c195ebd8
0x00007fa22c1f0c78:   0000000000000c00 0000000000000000
0x00007fa22c1f0c88:   0000000000000000 000005a700000000
0x00007fa22c1f0c98:   00007fa2101ba000 00007fa22c1f0d01
0x00007fa22c1f0ca8:   00007fa22c1f0c01 00007fa23c023210
0x00007fa22c1f0cb8:   00007fa23c01f570 00007fa23c023240
0x00007fa22c1f0cc8:   00007fa23c0704c0 00007fa23c01f580
0x00007fa22c1f0cd8:   00007fa23c01f530 00007fa22c1f0dc0
0x00007fa22c1f0ce8:   00007fa2415a767c 00007fa241ba3e70
0x00007fa22c1f0cf8:   00007fa22c1f0d10 00000000000003d8
0x00007fa22c1f0d08:   00007fa23c01f958 00007fa241ba3e70
0x00007fa22c1f0d18:   00007fa23c01e800 00007fa23c0704c0
0x00007fa22c1f0d28:   0000000000000000 00007fa241b9c740
0x00007fa22c1f0d38:   00007fa23c01f000 00007fa22c1f0d10
0x00007fa22c1f0d48:   00007fa24152a700 00007fa241b9c6a0
0x00007fa22c1f0d58:   00007fa23c01f000 00007fa22c1f0d10
0x00007fa22c1f0d68:   00007fa241b9c680 00007fa22c1f0d00
0x00007fa22c1f0d78:   00007fa22c1f0d10 00007fa23c01e701
0x00007fa22c1f0d88:   00007fa23c01e7d0 00007fa22c1f0dc0
0x00007fa22c1f0d98:   0000000000000001 00007fa23c023240 

Instructions: (pc=0x00007fa2411a0eca)
0x00007fa2411a0eaa:   8b 48 08 48 d3 e2 48 03 10 8b 42 08 83 f8 00 7f
0x00007fa2411a0eba:   d4 75 1b 0f 1f 00 48 8b 02 48 89 fe 48 89 d7 5d
0x00007fa2411a0eca:   48 8b 80 e8 00 00 00 ff e0 0f 1f 44 00 00 48 8d
0x00007fa2411a0eda:   15 2d ce a0 00 40 80 fe 01 41 89 c0 48 19 c9 41 

Register to memory mapping:

RAX=0x0000000c00000012 is an unknown value
RBX=
[error occurred during error reporting (printing register info), id 0xb]

Stack: [0x00007fa22c0f1000,0x00007fa22c1f2000],  sp=0x00007fa22c1f0ba8,  free space=1022k
Native frames: (J=compiled Java code, j=interpreted, Vv=VM code, C=native code)
V  [libjvm.so+0x486eca]  oopDesc::size()+0x5a
V  [libjvm.so+0x8a8892]  ParCompactionManager::follow_marking_stacks()+0x402
V  [libjvm.so+0x88d67c]  ThreadRootsMarkingTask::do_it(GCTaskManager*, unsigned int)+0x12c
V  [libjvm.so+0x5816c2]  GCTaskThread::run()+0x162
V  [libjvm.so+0x849c82]  java_start(Thread*)+0xf2


---------------  P R O C E S S  ---------------

Java Threads: ( => current thread )
  0x00007fa2101ba000 JavaThread "process reaper" daemon [_thread_blocked, id=10352, stack(0x00007fa2095a0000,0x00007fa2095d9000)]
  0x000000000202f000 JavaThread "pool-4-thread-2" [_thread_blocked, id=10343, stack(0x00007fa1eedda000,0x00007fa1eeedb000)]
  0x000000000202e800 JavaThread "pool-4-thread-1" [_thread_blocked, id=10342, stack(0x00007fa1eeedb000,0x00007fa1eefdc000)]
  0x000000000208b800 JavaThread "Cache update executor" [_thread_blocked, id=10325, stack(0x00007fa20a053000,0x00007fa20a154000)]
  0x0000000001298000 JavaThread "File lock request listener" [_thread_in_native, id=10304, stack(0x00007fa20949f000,0x00007fa2095a0000)]
  0x0000000001105000 JavaThread "Asynchronous log dispatcher for DefaultDaemonConnection: socket connection from /127.0.0.1:57218 to /127.0.0.1:48125" [_thread_blocked, id=10293, stack(0x00007fa20a154000,0x00007fa20a255000)]
  0x00007fa23cc8f000 JavaThread "pool-1-thread-1" [_thread_blocked, id=10290, stack(0x00007fa20a255000,0x00007fa20a356000)]
  0x00007fa1f0008000 JavaThread "Daemon worker" [_thread_blocked, id=10289, stack(0x00007fa20a356000,0x00007fa20a457000)]
  0x00007fa1f000c000 JavaThread "Cancel handler" [_thread_blocked, id=10288, stack(0x00007fa20a457000,0x00007fa20a558000)]
  0x00007fa1f0005800 JavaThread "Handler for socket connection from /127.0.0.1:57218 to /127.0.0.1:48125" [_thread_in_native, id=10287, stack(0x00007fa20a758000,0x00007fa20a859000)]
  0x00007fa1fc030800 JavaThread "Daemon" [_thread_blocked, id=10286, stack(0x00007fa20a859000,0x00007fa20a95a000)]
  0x00007fa23cc34000 JavaThread "Incoming local TCP Connector on port 57218" [_thread_in_native, id=10285, stack(0x00007fa20ab61000,0x00007fa20ac62000)]
  0x00007fa23c0ba800 JavaThread "Service Thread" daemon [_thread_blocked, id=10281, stack(0x00007fa2280d1000,0x00007fa2281d2000)]
  0x00007fa23c0b8000 JavaThread "C1 CompilerThread1" daemon [_thread_blocked, id=10280, stack(0x00007fa2281d2000,0x00007fa2282d3000)]
  0x00007fa23c0b5000 JavaThread "C2 CompilerThread0" daemon [_thread_blocked, id=10279, stack(0x00007fa2282d3000,0x00007fa2283d4000)]
  0x00007fa23c0b3800 JavaThread "Signal Dispatcher" daemon [_thread_blocked, id=10278, stack(0x00007fa2283d4000,0x00007fa2284d5000)]
  0x00007fa23c07f800 JavaThread "Finalizer" daemon [_thread_blocked, id=10277, stack(0x00007fa22879f000,0x00007fa2288a0000)]
  0x00007fa23c07b000 JavaThread "Reference Handler" daemon [_thread_blocked, id=10276, stack(0x00007fa2288a0000,0x00007fa2289a1000)]
  0x00007fa23c00a000 JavaThread "main" [_thread_blocked, id=10272, stack(0x00007fa242711000,0x00007fa242812000)]

Other Threads:
  0x00007fa23c073000 VMThread [stack: 0x00007fa2289a1000,0x00007fa228aa2000] [id=10275]
  0x00007fa23c0bd000 WatcherThread [stack: 0x00007fa20beff000,0x00007fa20c000000] [id=10282]

=>0x00007fa23c01f000 (exited) GCTaskThread [stack: 0x00007fa22c0f1000,0x00007fa22c1f2000] [id=10273]

VM state:at safepoint (normal execution)

VM Mutex/Monitor currently owned by a thread:  ([mutex/lock_event])
[0x00007fa23c0062d0] Threads_lock - owner thread: 0x00007fa23c073000
[0x00007fa23c0067d0] Heap_lock - owner thread: 0x00007fa1f0008000

Heap:
 PSYoungGen      total 140288K, used 12199K [0x00000000eab00000, 0x00000000f4500000, 0x0000000100000000)
  eden space 124928K, 0% used [0x00000000eab00000,0x00000000eab00000,0x00000000f2500000)
  from space 15360K, 79% used [0x00000000f3580000,0x00000000f4169e70,0x00000000f4480000)
  to   space 16384K, 0% used [0x00000000f2500000,0x00000000f2500000,0x00000000f3500000)
 ParOldGen       total 47104K, used 46471K [0x00000000c0000000, 0x00000000c2e00000, 0x00000000eab00000)
  object space 47104K, 98% used [0x00000000c0000000,0x00000000c2d61ea0,0x00000000c2e00000)
 Metaspace       used 55991K, capacity 57762K, committed 58152K, reserved 1099776K
  class space    used 7480K, capacity 7889K, committed 7984K, reserved 1048576K

Card table byte_map: [0x00007fa22c1f2000,0x00007fa22c3f3000] byte_map_base: 0x00007fa22bbf2000

Marking Bits: (ParMarkBitMap*) 0x00007fa241be8340
 Begin Bits: [0x00007fa229ff0000, 0x00007fa22aff0000)
 End Bits:   [0x00007fa22aff0000, 0x00007fa22bff0000)

Polling page: 0x00007fa242837000

CodeCache: size=245760Kb used=22429Kb max_used=22810Kb free=223330Kb
 bounds [0x00007fa22c7b3000, 0x00007fa22de23000, 0x00007fa23b7b3000]
 total_blobs=7758 nmethods=6975 adapters=696
 compilation: enabled

Compilation events (10 events):
Event: 128,533 Thread 0x00007fa23c0b8000 nmethod 8136 0x00007fa22cb69650 code [0x00007fa22cb698a0, 0x00007fa22cb6aa28]
Event: 128,533 Thread 0x00007fa23c0b8000 8137       3       com.sun.org.apache.xpath.internal.XPathContext::pushCurrentNode (10 bytes)
Event: 128,533 Thread 0x00007fa23c0b8000 nmethod 8137 0x00007fa22d7e3d50 code [0x00007fa22d7e3ec0, 0x00007fa22d7e4068]
Event: 128,537 Thread 0x00007fa23c0b8000 8138       1       java.nio.charset.CharsetEncoder::charset (5 bytes)
Event: 128,537 Thread 0x00007fa23c0b8000 nmethod 8138 0x00007fa22cf12210 code [0x00007fa22cf12360, 0x00007fa22cf12470]
Event: 128,537 Thread 0x00007fa23c0b8000 8139       3       java.lang.Character::isDigit (5 bytes)
Event: 128,538 Thread 0x00007fa23c0b8000 nmethod 8139 0x00007fa22c9376d0 code [0x00007fa22c937860, 0x00007fa22c937bb8]
Event: 128,540 Thread 0x00007fa23c0b5000 nmethod 8128 0x00007fa22da2dd90 code [0x00007fa22da2df00, 0x00007fa22da2e0b8]
Event: 128,581 Thread 0x00007fa23c0b5000 8140       4       com.sun.org.apache.xerces.internal.impl.XMLNSDocumentScannerImpl::scanAttribute (799 bytes)
Event: 128,587 Thread 0x00007fa23c0b8000 8141       3       com.sun.org.apache.xpath.internal.compiler.XPathParser::nextToken (68 bytes)

GC Heap History (10 events):
Event: 51,873 GC heap after
Heap after GC invocations=16 (full 2):
 PSYoungGen      total 81920K, used 6138K [0x00000000eab00000, 0x00000000f0700000, 0x0000000100000000)
  eden space 75776K, 0% used [0x00000000eab00000,0x00000000eab00000,0x00000000ef500000)
  from space 6144K, 99% used [0x00000000efc00000,0x00000000f01fead8,0x00000000f0200000)
  to   space 7168K, 0% used [0x00000000ef500000,0x00000000ef500000,0x00000000efc00000)
 ParOldGen       total 47104K, used 17019K [0x00000000c0000000, 0x00000000c2e00000, 0x00000000eab00000)
  object space 47104K, 36% used [0x00000000c0000000,0x00000000c109ed00,0x00000000c2e00000)
 Metaspace       used 37335K, capacity 38070K, committed 38312K, reserved 1083392K
  class space    used 4989K, capacity 5212K, committed 5296K, reserved 1048576K
}
Event: 59,684 GC heap before
{Heap before GC invocations=17 (full 2):
 PSYoungGen      total 81920K, used 81914K [0x00000000eab00000, 0x00000000f0700000, 0x0000000100000000)
  eden space 75776K, 100% used [0x00000000eab00000,0x00000000ef500000,0x00000000ef500000)
  from space 6144K, 99% used [0x00000000efc00000,0x00000000f01fead8,0x00000000f0200000)
  to   space 7168K, 0% used [0x00000000ef500000,0x00000000ef500000,0x00000000efc00000)
 ParOldGen       total 47104K, used 17019K [0x00000000c0000000, 0x00000000c2e00000, 0x00000000eab00000)
  object space 47104K, 36% used [0x00000000c0000000,0x00000000c109ed00,0x00000000c2e00000)
 Metaspace       used 44827K, capacity 45934K, committed 45992K, reserved 1089536K
  class space    used 6007K, capacity 6303K, committed 6320K, reserved 1048576K
Event: 59,762 GC heap after
Heap after GC invocations=17 (full 2):
 PSYoungGen      total 82944K, used 7032K [0x00000000eab00000, 0x00000000f2080000, 0x0000000100000000)
  eden space 75776K, 0% used [0x00000000eab00000,0x00000000eab00000,0x00000000ef500000)
  from space 7168K, 98% used [0x00000000ef500000,0x00000000efbde340,0x00000000efc00000)
  to   space 7680K, 0% used [0x00000000f1900000,0x00000000f1900000,0x00000000f2080000)
 ParOldGen       total 47104K, used 22667K [0x00000000c0000000, 0x00000000c2e00000, 0x00000000eab00000)
  object space 47104K, 48% used [0x00000000c0000000,0x00000000c1622eb0,0x00000000c2e00000)
 Metaspace       used 44827K, capacity 45934K, committed 45992K, reserved 1089536K
  class space    used 6007K, capacity 6303K, committed 6320K, reserved 1048576K
}
Event: 69,698 GC heap before
{Heap before GC invocations=18 (full 2):
 PSYoungGen      total 82944K, used 82808K [0x00000000eab00000, 0x00000000f2080000, 0x0000000100000000)
  eden space 75776K, 100% used [0x00000000eab00000,0x00000000ef500000,0x00000000ef500000)
  from space 7168K, 98% used [0x00000000ef500000,0x00000000efbde340,0x00000000efc00000)
  to   space 7680K, 0% used [0x00000000f1900000,0x00000000f1900000,0x00000000f2080000)
 ParOldGen       total 47104K, used 22667K [0x00000000c0000000, 0x00000000c2e00000, 0x00000000eab00000)
  object space 47104K, 48% used [0x00000000c0000000,0x00000000c1622eb0,0x00000000c2e00000)
 Metaspace       used 49238K, capacity 50668K, committed 50728K, reserved 1093632K
  class space    used 6610K, capacity 6936K, committed 6960K, reserved 1048576K
Event: 69,788 GC heap after
Heap after GC invocations=18 (full 2):
 PSYoungGen      total 110080K, used 7659K [0x00000000eab00000, 0x00000000f2400000, 0x0000000100000000)
  eden space 102400K, 0% used [0x00000000eab00000,0x00000000eab00000,0x00000000f0f00000)
  from space 7680K, 99% used [0x00000000f1900000,0x00000000f207aff8,0x00000000f2080000)
  to   space 10240K, 0% used [0x00000000f0f00000,0x00000000f0f00000,0x00000000f1900000)
 ParOldGen       total 47104K, used 26440K [0x00000000c0000000, 0x00000000c2e00000, 0x00000000eab00000)
  object space 47104K, 56% used [0x00000000c0000000,0x00000000c19d23e8,0x00000000c2e00000)
 Metaspace       used 49238K, capacity 50668K, committed 50728K, reserved 1093632K
  class space    used 6610K, capacity 6936K, committed 6960K, reserved 1048576K
}
Event: 97,394 GC heap before
{Heap before GC invocations=19 (full 2):
 PSYoungGen      total 110080K, used 110059K [0x00000000eab00000, 0x00000000f2400000, 0x0000000100000000)
  eden space 102400K, 100% used [0x00000000eab00000,0x00000000f0f00000,0x00000000f0f00000)
  from space 7680K, 99% used [0x00000000f1900000,0x00000000f207aff8,0x00000000f2080000)
  to   space 10240K, 0% used [0x00000000f0f00000,0x00000000f0f00000,0x00000000f1900000)
 ParOldGen       total 47104K, used 26440K [0x00000000c0000000, 0x00000000c2e00000, 0x00000000eab00000)
  object space 47104K, 56% used [0x00000000c0000000,0x00000000c19d23e8,0x00000000c2e00000)
 Metaspace       used 54181K, capacity 55846K, committed 56104K, reserved 1097728K
  class space    used 7282K, capacity 7645K, committed 7728K, reserved 1048576K
Event: 97,644 GC heap after
Heap after GC invocations=19 (full 2):
 PSYoungGen      total 112640K, used 10224K [0x00000000eab00000, 0x00000000f4480000, 0x0000000100000000)
  eden space 102400K, 0% used [0x00000000eab00000,0x00000000eab00000,0x00000000f0f00000)
  from space 10240K, 99% used [0x00000000f0f00000,0x00000000f18fc010,0x00000000f1900000)
  to   space 15360K, 0% used [0x00000000f3580000,0x00000000f3580000,0x00000000f4480000)
 ParOldGen       total 47104K, used 36651K [0x00000000c0000000, 0x00000000c2e00000, 0x00000000eab00000)
  object space 47104K, 77% used [0x00000000c0000000,0x00000000c23caeb0,0x00000000c2e00000)
 Metaspace       used 54181K, capacity 55846K, committed 56104K, reserved 1097728K
  class space    used 7282K, capacity 7645K, committed 7728K, reserved 1048576K
}
Event: 128,588 GC heap before
{Heap before GC invocations=20 (full 2):
 PSYoungGen      total 112640K, used 112624K [0x00000000eab00000, 0x00000000f4480000, 0x0000000100000000)
  eden space 102400K, 100% used [0x00000000eab00000,0x00000000f0f00000,0x00000000f0f00000)
  from space 10240K, 99% used [0x00000000f0f00000,0x00000000f18fc010,0x00000000f1900000)
  to   space 15360K, 0% used [0x00000000f3580000,0x00000000f3580000,0x00000000f4480000)
 ParOldGen       total 47104K, used 36651K [0x00000000c0000000, 0x00000000c2e00000, 0x00000000eab00000)
  object space 47104K, 77% used [0x00000000c0000000,0x00000000c23caeb0,0x00000000c2e00000)
 Metaspace       used 55991K, capacity 57762K, committed 58152K, reserved 1099776K
  class space    used 7480K, capacity 7889K, committed 7984K, reserved 1048576K
Event: 128,773 GC heap after
Heap after GC invocations=20 (full 2):
 PSYoungGen      total 140288K, used 12199K [0x00000000eab00000, 0x00000000f4500000, 0x0000000100000000)
  eden space 124928K, 0% used [0x00000000eab00000,0x00000000eab00000,0x00000000f2500000)
  from space 15360K, 79% used [0x00000000f3580000,0x00000000f4169e70,0x00000000f4480000)
  to   space 16384K, 0% used [0x00000000f2500000,0x00000000f2500000,0x00000000f3500000)
 ParOldGen       total 47104K, used 46471K [0x00000000c0000000, 0x00000000c2e00000, 0x00000000eab00000)
  object space 47104K, 98% used [0x00000000c0000000,0x00000000c2d61ea0,0x00000000c2e00000)
 Metaspace       used 55991K, capacity 57762K, committed 58152K, reserved 1099776K
  class space    used 7480K, capacity 7889K, committed 7984K, reserved 1048576K
}
Event: 128,789 GC heap before
{Heap before GC invocations=21 (full 3):
 PSYoungGen      total 140288K, used 12199K [0x00000000eab00000, 0x00000000f4500000, 0x0000000100000000)
  eden space 124928K, 0% used [0x00000000eab00000,0x00000000eab00000,0x00000000f2500000)
  from space 15360K, 79% used [0x00000000f3580000,0x00000000f4169e70,0x00000000f4480000)
  to   space 16384K, 0% used [0x00000000f2500000,0x00000000f2500000,0x00000000f3500000)
 ParOldGen       total 47104K, used 46471K [0x00000000c0000000, 0x00000000c2e00000, 0x00000000eab00000)
  object space 47104K, 98% used [0x00000000c0000000,0x00000000c2d61ea0,0x00000000c2e00000)
 Metaspace       used 55991K, capacity 57762K, committed 58152K, reserved 1099776K
  class space    used 7480K, capacity 7889K, committed 7984K, reserved 1048576K

Deoptimization events (10 events):
Event: 108,673 Thread 0x000000000208b800 Uncommon trap: reason=bimorphic action=maybe_recompile pc=0x00007fa22d6cf8fc method=java.io.DataInputStream.readChar()C @ 4
Event: 108,741 Thread 0x00007fa1f0008000 Uncommon trap: reason=unstable_if action=reinterpret pc=0x00007fa22db672c0 method=com.google.common.collect.MapMakerInternalMap$Segment.drainKeyReferenceQueue()V @ 11
Event: 108,981 Thread 0x00007fa1f0008000 Uncommon trap: reason=range_check action=make_not_entrant pc=0x00007fa22cd53af8 method=sun.nio.fs.UnixDirectoryStream$UnixDirectoryIterator.isSelfOrParent([B)Z @ 2
Event: 127,969 Thread 0x00007fa210486000 Uncommon trap: reason=unstable_if action=reinterpret pc=0x00007fa22d40f0f0 method=java.util.concurrent.locks.ReentrantLock$Sync.nonfairTryAcquire(I)Z @ 34
Event: 127,977 Thread 0x00000000020ce800 Uncommon trap: reason=unstable_if action=reinterpret pc=0x00007fa22d27b690 method=java.util.concurrent.locks.AbstractQueuedSynchronizer.doReleaseShared()V @ 6
Event: 128,065 Thread 0x00007fa1f0008000 Uncommon trap: reason=predicate action=maybe_recompile pc=0x00007fa22cb940d4 method=java.util.AbstractCollection.toArray([Ljava/lang/Object;)[Ljava/lang/Object; @ 49
Event: 128,124 Thread 0x00007fa1f0008000 Uncommon trap: reason=array_check action=maybe_recompile pc=0x00007fa22cb76750 method=java.util.AbstractCollection.toArray([Ljava/lang/Object;)[Ljava/lang/Object; @ 119
Event: 128,127 Thread 0x00007fa1f0008000 Uncommon trap: reason=array_check action=maybe_recompile pc=0x00007fa22cb76750 method=java.util.AbstractCollection.toArray([Ljava/lang/Object;)[Ljava/lang/Object; @ 119
Event: 128,132 Thread 0x00007fa1f0008000 Uncommon trap: reason=array_check action=maybe_recompile pc=0x00007fa22cb76750 method=java.util.AbstractCollection.toArray([Ljava/lang/Object;)[Ljava/lang/Object; @ 119
Event: 128,180 Thread 0x00007fa1f0008000 Uncommon trap: reason=array_check action=maybe_recompile pc=0x00007fa22cb76750 method=java.util.AbstractCollection.toArray([Ljava/lang/Object;)[Ljava/lang/Object; @ 119

Internal exceptions (10 events):
Event: 73,503 Thread 0x00007fa1f0008000 Exception <a 'java/lang/ClassNotFoundException': org/gradle/model/internal/core/ModelMapGroovyViewCustomizer> (0x00000000ed6c11b8) thrown at [/ssd/Android/AOSP-openjdk/external/jetbrains/jdk/hotspot/src/share/vm/classfile/systemDictionary.cpp, line 210]
Event: 73,507 Thread 0x00007fa1f0008000 Exception <a 'java/lang/ClassNotFoundException': org/gradle/model/internal/core/NodeBackedModelMapCustomizer> (0x00000000ed6e72c8) thrown at [/ssd/Android/AOSP-openjdk/external/jetbrains/jdk/hotspot/src/share/vm/classfile/systemDictionary.cpp, line 210]
Event: 73,514 Thread 0x00007fa1f0008000 Exception <a 'java/lang/ClassNotFoundException': org/gradle/platform/base/BinaryContainer_ImplCustomizer> (0x00000000ed7460a8) thrown at [/ssd/Android/AOSP-openjdk/external/jetbrains/jdk/hotspot/src/share/vm/classfile/systemDictionary.cpp, line 210]
Event: 75,092 Thread 0x00007fa1f0008000 Exception <a 'java/lang/NoSuchMethodError': <clinit>> (0x00000000edd3e340) thrown at [/ssd/Android/AOSP-openjdk/external/jetbrains/jdk/hotspot/src/share/vm/prims/jni.cpp, line 1613]
Event: 75,094 Thread 0x00007fa1f0008000 Exception <a 'java/lang/NoSuchMethodError': <clinit>> (0x00000000edd4bbe0) thrown at [/ssd/Android/AOSP-openjdk/external/jetbrains/jdk/hotspot/src/share/vm/prims/jni.cpp, line 1613]
Event: 75,201 Thread 0x00007fa1f0008000 Exception <a 'java/lang/NoSuchMethodError': <clinit>> (0x00000000eddc78d8) thrown at [/ssd/Android/AOSP-openjdk/external/jetbrains/jdk/hotspot/src/share/vm/prims/jni.cpp, line 1613]
Event: 75,205 Thread 0x00007fa1f0008000 Exception <a 'java/lang/NoSuchMethodError': <clinit>> (0x00000000edde0630) thrown at [/ssd/Android/AOSP-openjdk/external/jetbrains/jdk/hotspot/src/share/vm/prims/jni.cpp, line 1613]
Event: 75,206 Thread 0x00007fa1f0008000 Exception <a 'java/lang/NoSuchMethodError': <clinit>> (0x00000000edde22b0) thrown at [/ssd/Android/AOSP-openjdk/external/jetbrains/jdk/hotspot/src/share/vm/prims/jni.cpp, line 1613]
Event: 97,956 Thread 0x00007fa1f0008000 Implicit null exception at 0x00007fa22cf77dfd to 0x00007fa22cf77f9d
Event: 109,199 Thread 0x00007fa1f0008000 Exception <a 'java/lang/NoSuchMethodError': java.lang.Object.lambda$negate$1(Ljava/lang/Object;)Z> (0x00000000ef108740) thrown at [/ssd/Android/AOSP-openjdk/external/jetbrains/jdk/hotspot/src/share/vm/interpreter/linkResolver.cpp, line 582]

Events (10 events):
Event: 128,127 Thread 0x00007fa1f0008000 DEOPT UNPACKING pc=0x00007fa22c7b7f69 sp=0x00007fa20a452828 mode 2
Event: 128,132 Thread 0x00007fa1f0008000 Uncommon trap: trap_request=0xffffffd6 fr.pc=0x00007fa22cb76750
Event: 128,132 Thread 0x00007fa1f0008000 DEOPT PACKING pc=0x00007fa22cb76750 sp=0x00007fa20a452880
Event: 128,132 Thread 0x00007fa1f0008000 DEOPT UNPACKING pc=0x00007fa22c7b7f69 sp=0x00007fa20a452828 mode 2
Event: 128,180 Thread 0x00007fa1f0008000 Uncommon trap: trap_request=0xffffffd6 fr.pc=0x00007fa22cb76750
Event: 128,180 Thread 0x00007fa1f0008000 DEOPT PACKING pc=0x00007fa22cb76750 sp=0x00007fa20a452850
Event: 128,180 Thread 0x00007fa1f0008000 DEOPT UNPACKING pc=0x00007fa22c7b7f69 sp=0x00007fa20a452808 mode 2
Event: 128,252 Thread 0x00007fa1f0008000 DEOPT PACKING pc=0x00007fa22d4ef114 sp=0x00007fa20a4527f0
Event: 128,252 Thread 0x00007fa1f0008000 DEOPT UNPACKING pc=0x00007fa22c7f9f73 sp=0x00007fa20a452568 mode 0
Event: 128,587 Executing VM operation: ParallelGCFailedAllocation


Dynamic libraries:
00400000-00401000 r-xp 00000000 08:01 3933774                            /opt/android-studio/jre/bin/java
00600000-00601000 r--p 00000000 08:01 3933774                            /opt/android-studio/jre/bin/java
00601000-00602000 rw-p 00001000 08:01 3933774                            /opt/android-studio/jre/bin/java
010fe000-021fa000 rw-p 00000000 00:00 0                                  [heap]
c0000000-c2e00000 rw-p 00000000 00:00 0 
c2e00000-eab00000 ---p 00000000 00:00 0 
eab00000-f4500000 rw-p 00000000 00:00 0 
f4500000-100000000 ---p 00000000 00:00 0 
100000000-1007cc000 rw-p 00000000 00:00 0 
1007cc000-140000000 ---p 00000000 00:00 0 
7fa1e8000000-7fa1e8021000 rw-p 00000000 00:00 0 
7fa1e8021000-7fa1ec000000 ---p 00000000 00:00 0 
7fa1ee6d5000-7fa1ee6d8000 ---p 00000000 00:00 0 
7fa1ee6d8000-7fa1ee7d6000 rw-p 00000000 00:00 0 
7fa1ee7d6000-7fa1ee7d9000 ---p 00000000 00:00 0 
7fa1ee7d9000-7fa1ee8d7000 rw-p 00000000 00:00 0 
7fa1ee8d7000-7fa1ee8da000 ---p 00000000 00:00 0 
7fa1ee8da000-7fa1ee9d8000 rw-p 00000000 00:00 0 
7fa1ee9d8000-7fa1ee9db000 ---p 00000000 00:00 0 
7fa1ee9db000-7fa1eead9000 rw-p 00000000 00:00 0 
7fa1eead9000-7fa1eeadc000 ---p 00000000 00:00 0 
7fa1eeadc000-7fa1eecda000 rw-p 00000000 00:00 0 
7fa1eecda000-7fa1eedda000 ---p 00000000 00:00 0 
7fa1eedda000-7fa1eeddd000 ---p 00000000 00:00 0 
7fa1eeddd000-7fa1eeedb000 rw-p 00000000 00:00 0                          [stack:10343]
7fa1eeedb000-7fa1eeede000 ---p 00000000 00:00 0 
7fa1eeede000-7fa1ef1dc000 rw-p 00000000 00:00 0                          [stack:10342]
7fa1ef1dc000-7fa1ef3dc000 rw-p 00000000 00:00 0 
7fa1ef3dc000-7fa1ef5dc000 rw-p 00000000 00:00 0 
7fa1ef5dc000-7fa1ef7dc000 rw-p 00000000 00:00 0 
7fa1ef7dc000-7fa1ef7f3000 r-xp 00000000 08:01 4609673                    /lib/x86_64-linux-gnu/libresolv-2.19.so
7fa1ef7f3000-7fa1ef9f3000 ---p 00017000 08:01 4609673                    /lib/x86_64-linux-gnu/libresolv-2.19.so
7fa1ef9f3000-7fa1ef9f4000 r--p 00017000 08:01 4609673                    /lib/x86_64-linux-gnu/libresolv-2.19.so
7fa1ef9f4000-7fa1ef9f5000 rw-p 00018000 08:01 4609673                    /lib/x86_64-linux-gnu/libresolv-2.19.so
7fa1ef9f5000-7fa1ef9f7000 rw-p 00000000 00:00 0 
7fa1ef9f7000-7fa1ef9fc000 r-xp 00000000 08:01 4610168                    /lib/x86_64-linux-gnu/libnss_dns-2.19.so
7fa1ef9fc000-7fa1efbfb000 ---p 00005000 08:01 4610168                    /lib/x86_64-linux-gnu/libnss_dns-2.19.so
7fa1efbfb000-7fa1efbfc000 r--p 00004000 08:01 4610168                    /lib/x86_64-linux-gnu/libnss_dns-2.19.so
7fa1efbfc000-7fa1efbfd000 rw-p 00005000 08:01 4610168                    /lib/x86_64-linux-gnu/libnss_dns-2.19.so
7fa1efbfd000-7fa1efbff000 r-xp 00000000 08:01 4591915                    /lib/x86_64-linux-gnu/libnss_mdns4_minimal.so.2
7fa1efbff000-7fa1efdfe000 ---p 00002000 08:01 4591915                    /lib/x86_64-linux-gnu/libnss_mdns4_minimal.so.2
7fa1efdfe000-7fa1efdff000 r--p 00001000 08:01 4591915                    /lib/x86_64-linux-gnu/libnss_mdns4_minimal.so.2
7fa1efdff000-7fa1efe00000 rw-p 00002000 08:01 4591915                    /lib/x86_64-linux-gnu/libnss_mdns4_minimal.so.2
7fa1efe00000-7fa1f0000000 rw-p 00000000 00:00 0 
7fa1f0000000-7fa1f0045000 rw-p 00000000 00:00 0 
7fa1f0045000-7fa1f4000000 ---p 00000000 00:00 0 
7fa1f4000000-7fa1f4021000 rw-p 00000000 00:00 0 
7fa1f4021000-7fa1f8000000 ---p 00000000 00:00 0 
7fa1f8000000-7fa1f8021000 rw-p 00000000 00:00 0 
7fa1f8021000-7fa1fc000000 ---p 00000000 00:00 0 
7fa1fc000000-7fa1fc065000 rw-p 00000000 00:00 0 
7fa1fc065000-7fa200000000 ---p 00000000 00:00 0 
7fa200000000-7fa200021000 rw-p 00000000 00:00 0 
7fa200021000-7fa204000000 ---p 00000000 00:00 0 
7fa204000000-7fa204822000 rw-p 00000000 00:00 0 
7fa204822000-7fa208000000 ---p 00000000 00:00 0 
7fa208087000-7fa208088000 rw-p 00000000 00:00 0 
7fa208088000-7fa20808d000 r--s 0003b000 08:01 3933820                    /opt/android-studio/jre/jre/lib/ext/sunjce_provider.jar
7fa20808d000-7fa2080c3000 r-xp 00000000 08:01 3933857                    /opt/android-studio/jre/jre/lib/amd64/libsunec.so
7fa2080c3000-7fa2082c2000 ---p 00036000 08:01 3933857                    /opt/android-studio/jre/jre/lib/amd64/libsunec.so
7fa2082c2000-7fa2082c7000 r--p 00035000 08:01 3933857                    /opt/android-studio/jre/jre/lib/amd64/libsunec.so
7fa2082c7000-7fa2082c9000 rw-p 0003a000 08:01 3933857                    /opt/android-studio/jre/jre/lib/amd64/libsunec.so
7fa2082c9000-7fa2082da000 rw-p 00000000 00:00 0 
7fa2082da000-7fa2082db000 r--s 00008000 08:01 3933824                    /opt/android-studio/jre/jre/lib/ext/sunec.jar
7fa2082db000-7fa2082df000 r--s 00037000 08:01 3933822                    /opt/android-studio/jre/jre/lib/ext/sunpkcs11.jar
7fa2082df000-7fa2082e2000 r--s 00015000 08:01 3933897                    /opt/android-studio/jre/jre/lib/jce.jar
7fa2082e2000-7fa2084e2000 rw-p 00000000 00:00 0 
7fa2084e2000-7fa2084f5000 r--s 00344000 08:01 3933797                    /opt/android-studio/jre/jre/lib/resources.jar
7fa2084f5000-7fa2086f5000 rw-p 00000000 00:00 0 
7fa2086f5000-7fa2088f5000 rw-p 00000000 00:00 0 
7fa2088f5000-7fa208af5000 rw-p 00000000 00:00 0 
7fa208af5000-7fa208cf3000 rw-p 00000000 00:00 0 
7fa208cf3000-7fa208cf5000 ---p 00000000 00:00 0 
7fa208cf5000-7fa208ef5000 rw-p 00000000 00:00 0 
7fa208ef5000-7fa208ef6000 r--s 00001000 08:01 3280091                    /home/luiscosta/.gradle/caches/jars-2/sfqei68bumu9jlxv45fr4cwp05lkqj0/annotations-25.3.2.jar
7fa208ef6000-7fa208efe000 r--s 000a8000 08:01 4074854                    /home/luiscosta/.gradle/caches/jars-2/lp0h431tl0554nh1vx6zomcvteflkp/lombok-ast-0.2.3.jar
7fa208efe000-7fa208f12000 r--s 000b4000 08:01 7216256                    /home/luiscosta/.gradle/caches/jars-2/hgvw6szzawm3evod5l2d6iutfug31w0/uast-162.2228.14.jar
7fa208f12000-7fa208f14000 r--s 0000d000 08:01 4074850                    /home/luiscosta/.gradle/caches/jars-2/7pwz1bowgakb1eux9ezb56jlturgsyi/commons-codec-1.4.jar
7fa208f14000-7fa208f16000 r--s 0000d000 08:01 4074848                    /home/luiscosta/.gradle/caches/jars-2/9dj1m0eyooi5qt13735vz8fpkl3cnfy/commons-logging-1.1.1.jar
7fa208f16000-7fa208f1b000 r--s 00028000 08:01 4074846                    /home/luiscosta/.gradle/caches/jars-2/62lv0fe9b3xbqe57f6ljy5upwi7mf6k/httpcore-4.1.jar
7fa208f1b000-7fa208f1f000 r--s 0002f000 08:01 4074844                    /home/luiscosta/.gradle/caches/jars-2/gsg5n52frsvw6sx0swqqe2hwijwdcf0/jimfs-1.1.jar
7fa208f1f000-7fa208f20000 r--s 00004000 08:01 4074842                    /home/luiscosta/.gradle/caches/jars-2/lxs252id0979odjrerlctkb26c2vj95/annotations-12.0.jar
7fa208f20000-7fa208f21000 r--s 00004000 08:01 4074840                    /home/luiscosta/.gradle/caches/jars-2/9kn99dr0rulyl67sct1ephwcop56l61/asm-analysis-5.0.4.jar
7fa208f21000-7fa208f25000 r--s 00040000 08:01 3280089                    /home/luiscosta/.gradle/caches/jars-2/5yd4q9okhk52w7jvtpit267x9cycjdn/lint-api-25.3.2.jar
7fa208f25000-7fa208f26000 r--s 0000a000 08:01 4074836                    /home/luiscosta/.gradle/caches/jars-2/nwyg9io65lv6jvmwit2wq82xnnxd7ia/kxml2-2.3.0.jar
7fa208f26000-7fa208f28000 r--s 00005000 08:01 4074834                    /home/luiscosta/.gradle/caches/jars-2/i6hc1uuj8e9ck59slmzdyz78ydn8sr6/httpmime-4.1.jar
7fa208f28000-7fa208f30000 r--s 0004e000 08:01 3947076                    /home/luiscosta/.gradle/caches/jars-2/7503wa5irssz0xxahv1xb82p2dl7rr2/httpclient-4.1.1.jar
7fa208f30000-7fa208f37000 r--s 00053000 08:01 3947074                    /home/luiscosta/.gradle/caches/jars-2/jgkfvs4eqggj7qsyw1f5d3up57hanj1/commons-compress-1.8.1.jar
7fa208f37000-7fa208f3c000 r--s 0002a000 08:01 3947072                    /home/luiscosta/.gradle/caches/jars-2/je8f027qcr1z1egw08byp1ybxbp9kko/gson-2.2.4.jar
7fa208f3c000-7fa208f41000 r--s 0002e000 08:01 3280087                    /home/luiscosta/.gradle/caches/jars-2/4n1734h1pd6bcoy635yi6h93fwe9ucz/repository-25.3.2.jar
7fa208f41000-7fa208f43000 r--s 00006000 08:01 3280085                    /home/luiscosta/.gradle/caches/jars-2/2rgkyifl5sxddymjp5ayhsk365j5keg/dvlib-25.3.2.jar
7fa208f43000-7fa208f46000 r--s 00012000 08:01 3280083                    /home/luiscosta/.gradle/caches/jars-2/k2hb11mjv3jrn5smyckw0wql8yhvtn8/layoutlib-api-25.3.2.jar
7fa208f46000-7fa208f4b000 r--s 00058000 08:01 3947064                    /home/luiscosta/.gradle/caches/jars-2/st159835qgxm0l87oqrnhayxos4lc1n/asm-debug-all-5.0.1.jar
7fa208f4b000-7fa208f5b000 r--s 000d5000 08:01 3947062                    /home/luiscosta/.gradle/caches/jars-2/qzf32gp9kej4w4hlbabft6tplu74cj3/proguard-base-5.3.2.jar
7fa208f5b000-7fa208f5e000 r--s 00033000 08:01 3947060                    /home/luiscosta/.gradle/caches/jars-2/nz9sndmr8b4xbj4xulkaciy5kdbyfiz/juniversalchardet-1.0.3.jar
7fa208f5e000-7fa208f62000 r--s 0002a000 08:01 3947058                    /home/luiscosta/.gradle/caches/jars-2/krbpn9xjn1qymukyx8cc5l799ty1v3h/commons-io-2.4.jar
7fa208f62000-7fa208f79000 r--s 00154000 08:01 3947056                    /home/luiscosta/.gradle/caches/jars-2/sfeivjswzitn6n0fnjx3ueszz8gv8o1/antlr4-4.5.3.jar
7fa208f79000-7fa208f7b000 r--s 00002000 08:01 3280081                    /home/luiscosta/.gradle/caches/jars-2/5ro61j1y65rvhr7nubzp6mi4wd8ku9f/baseLibrary-2.3.2.jar
7fa208f7b000-7fa208fa6000 r--s 001fc000 08:01 3947052                    /home/luiscosta/.gradle/caches/jars-2/nxjrjftly2xksl8o0wqgivu5netfu2x/guava-18.0.jar
7fa208fa6000-7fa208fb9000 r--s 00241000 08:01 3947050                    /home/luiscosta/.gradle/caches/jars-2/9yuekvg4qerfitq3xec0iyckuw3hwaq/ecj-4.6.1.jar
7fa208fb9000-7fa208fc0000 r--s 000d9000 08:01 3280079                    /home/luiscosta/.gradle/caches/jars-2/n1uyh4ln96msrngjecu42hn3t622176/lint-checks-25.3.2.jar
7fa208fc0000-7fa208fc2000 r--s 00006000 08:01 3808676                    /home/luiscosta/.gradle/caches/jars-2/6phgj9ki3jl3p5epzkqoo8pr6kur40b/asm-tree-5.0.4.jar
7fa208fc2000-7fa208ff5000 r--s 00203000 08:01 3808674                    /home/luiscosta/.gradle/caches/jars-2/hj0bfvxu9cq7hkwmecvp0kg137or3hh/bcprov-jdk15on-1.48.jar
7fa208ff5000-7fa209003000 r--s 00081000 08:01 3808672                    /home/luiscosta/.gradle/caches/jars-2/4r7xli0tz94y0wfjrdyjxlxar3g1pb9/bcpkix-jdk15on-1.48.jar
7fa209003000-7fa209005000 r--s 00002000 08:01 3808670                    /home/luiscosta/.gradle/caches/jars-2/f32bh5uivuf69ecz2j8hl96ksnqdh7v/javawriter-2.5.0.jar
7fa209005000-7fa209007000 r--s 00004000 08:01 3280076                    /home/luiscosta/.gradle/caches/jars-2/7ph44j8ltf4jh1biidkoojbouh17css/tracker-25.3.2.jar
7fa209007000-7fa209008000 r--s 00005000 08:01 3150190                    /home/luiscosta/.gradle/caches/jars-2/o1gtlkkzr6t4s2v0kax6zp9j6caq2u0/shared-25.3.2.jar
7fa209008000-7fa209016000 r--s 00147000 08:01 3150188                    /home/luiscosta/.gradle/caches/jars-2/o53hkchu83xktfa5q36s00v2v42a7y/protos-25.3.2.jar
7fa209016000-7fa209017000 r--s 00001000 08:01 7216236                    /home/luiscosta/.gradle/caches/jars-2/bqo69msswbvaagsh45hf1tq02v21sml/jill-api-0.10.0.jar
7fa209017000-7fa209019000 r--s 00003000 08:01 7216234                    /home/luiscosta/.gradle/caches/jars-2/7pldadygbci34ql8thws797g29k1uhh/jack-api-0.13.0.jar
7fa209019000-7fa20901f000 r--s 0004a000 08:01 3150186                    /home/luiscosta/.gradle/caches/jars-2/hdqp9ynkugoxj627azw08f1nkcu898x/ddmlib-25.3.2.jar
7fa20901f000-7fa209022000 r--s 00022000 08:01 3150184                    /home/luiscosta/.gradle/caches/jars-2/89xrxcektlpn7bcp7ipsay08holifnk/manifest-merger-25.3.2.jar
7fa209022000-7fa209025000 r--s 0001c000 08:01 3150182                    /home/luiscosta/.gradle/caches/jars-2/tr3itsd2plho5o88yb3gjrypud2u4h2/common-25.3.2.jar
7fa209025000-7fa20902e000 r--s 00089000 08:01 3150180                    /home/luiscosta/.gradle/caches/jars-2/oxa6gsnf6zdgyk0pj409nry3545uq19/sdk-common-25.3.2.jar
7fa20902e000-7fa209038000 r--s 00098000 08:01 3149447                    /home/luiscosta/.gradle/caches/jars-2/icq382ympn7u9fgmdu4gnllvjn9exea/sdklib-25.3.2.jar
7fa209038000-7fa209039000 r--s 00002000 08:01 3149445                    /home/luiscosta/.gradle/caches/jars-2/liykey57f2h1pt8dmvk7r6wqrsywj5t/builder-test-api-2.3.2.jar
7fa209039000-7fa20903c000 r--s 00006000 08:01 3022427                    /home/luiscosta/.gradle/caches/jars-2/j73s6h38rbpo66lhtrpyav6nz8gvkz/builder-model-2.3.2.jar
7fa20903c000-7fa20904b000 r--s 00130000 08:01 3676933                    /home/luiscosta/.gradle/caches/jars-2/cr6zkqpx14lor9zdtmo49qpc7y8r8p4/protobuf-java-3.0.0.jar
7fa20904b000-7fa20904d000 r--s 0000f000 08:01 3676931                    /home/luiscosta/.gradle/caches/jars-2/rvfyugrlu5tbpz51p98og0qsxamjq4k/jopt-simple-4.9.jar
7fa20904d000-7fa209051000 r--s 0001f000 08:01 3676929                    /home/luiscosta/.gradle/caches/jars-2/nq3fzqkrrm37ob61z4iu5qdbh368uat/org.jacoco.report-0.7.5.201505241946.jar
7fa209051000-7fa209055000 r--s 0001d000 08:01 3676927                    /home/luiscosta/.gradle/caches/jars-2/3kxkmcckmk40ron92zhbm0qjo9l4bkl/org.jacoco.core-0.7.5.201505241946.jar
7fa209055000-7fa209057000 r--s 00002000 08:01 3676925                    /home/luiscosta/.gradle/caches/jars-2/m4m0pzb4gmaeh0in5g2xc4bxeuwt828/proguard-gradle-5.3.2.jar
7fa209057000-7fa209059000 r--s 00009000 08:01 3676923                    /home/luiscosta/.gradle/caches/jars-2/ajvcvdu66lc9e3tvvipxtuq48i9bbkc/asm-commons-5.0.4.jar
7fa209059000-7fa20905b000 r--s 0000c000 08:01 3676921                    /home/luiscosta/.gradle/caches/jars-2/1laz1ygmxoc408r7nwqs1q8uk8r236d/asm-5.0.4.jar
7fa20905b000-7fa209060000 r--s 0002c000 08:01 2890156                    /home/luiscosta/.gradle/caches/jars-2/8turwhns6pk45x6h64byi8086xre0gy/compilerCommon-2.3.2.jar
7fa209060000-7fa209061000 r--s 00002000 08:01 2890154                    /home/luiscosta/.gradle/caches/jars-2/memt199vk4nal65fuxag9w4gnmeyalh/gradle-api-2.3.2.jar
7fa209061000-7fa209062000 r--s 00000000 08:01 7216214                    /home/luiscosta/.gradle/caches/jars-2/tlyajppf8woug00g686fx5mchf8iv3o/transform-api-2.0.0-deprecated-use-gradle-api.jar
7fa209062000-7fa209067000 r--s 0005e000 08:01 2890152                    /home/luiscosta/.gradle/caches/jars-2/3codmksrb2ftf6vgz8jfz786b2p3e61/lint-25.3.2.jar
7fa209067000-7fa20907d000 r--s 00163000 08:01 2890150                    /home/luiscosta/.gradle/caches/jars-2/tmjxqp4m0j3g12q1pvd41pt4dzyersp/builder-2.3.2.jar
7fa20907d000-7fa20909c000 r--s 001ca000 08:01 2890148                    /home/luiscosta/.gradle/caches/jars-2/psoqzdhi7smfthkerjcdtayt1ovoie7/gradle-core-2.3.2.jar
7fa20909c000-7fa20909d000 r--s 00006000 08:01 15215973                   /home/luiscosta/.gradle/caches/modules-2/files-2.1/com.google.gms/google-services/3.0.0/ee538ce9cf4148485e43017c5542202b8c78ff8e/google-services-3.0.0.jar
7fa20909d000-7fa20909f000 r--s 0000d000 08:01 2890146                    /home/luiscosta/.gradle/caches/jars-2/gpu29uvfhkngb3cj4xqtwx5tpqakqq4/gradle-2.3.2.jar
7fa20909f000-7fa20929f000 rw-p 00000000 00:00 0 
7fa20929f000-7fa20949f000 rw-p 00000000 00:00 0 
7fa20949f000-7fa2094a2000 ---p 00000000 00:00 0 
7fa2094a2000-7fa2095a0000 rw-p 00000000 00:00 0                          [stack:10304]
7fa2095a0000-7fa2095a3000 ---p 00000000 00:00 0 
7fa2095a3000-7fa2095d9000 rw-p 00000000 00:00 0                          [stack:10352]
7fa2095d9000-7fa2095da000 r--p 00000000 00:00 0 
7fa2095da000-7fa2097da000 rw-p 00000000 00:00 0 
7fa2097da000-7fa2099da000 rw-p 00000000 00:00 0 
7fa2099da000-7fa209bda000 rw-p 00000000 00:00 0 
7fa209bda000-7fa209dda000 rw-p 00000000 00:00 0 
7fa209dda000-7fa209e53000 r--s 010ed000 08:01 3933739                    /opt/android-studio/jre/lib/tools.jar
7fa209e53000-7fa20a053000 rw-p 00000000 00:00 0 
7fa20a053000-7fa20a056000 ---p 00000000 00:00 0 
7fa20a056000-7fa20a154000 rw-p 00000000 00:00 0                          [stack:10325]
7fa20a154000-7fa20a157000 ---p 00000000 00:00 0 
7fa20a157000-7fa20a255000 rw-p 00000000 00:00 0                          [stack:10293]
7fa20a255000-7fa20a258000 ---p 00000000 00:00 0 
7fa20a258000-7fa20a356000 rw-p 00000000 00:00 0                          [stack:10290]
7fa20a356000-7fa20a359000 ---p 00000000 00:00 0 
7fa20a359000-7fa20a457000 rw-p 00000000 00:00 0                          [stack:10289]
7fa20a457000-7fa20a45a000 ---p 00000000 00:00 0 
7fa20a45a000-7fa20a758000 rw-p 00000000 00:00 0                          [stack:10288]
7fa20a758000-7fa20a75b000 ---p 00000000 00:00 0 
7fa20a75b000-7fa20a859000 rw-p 00000000 00:00 0                          [stack:10287]
7fa20a859000-7fa20a85c000 ---p 00000000 00:00 0 
7fa20a85c000-7fa20a95a000 rw-p 00000000 00:00 0                          [stack:10286]
7fa20a95a000-7fa20a961000 r--s 00000000 08:01 4980                       /usr/lib/x86_64-linux-gnu/gconv/gconv-modules.cache
7fa20a961000-7fa20ab61000 rw-p 00000000 00:00 0 
7fa20ab61000-7fa20ab64000 ---p 00000000 00:00 0 
7fa20ab64000-7fa20ac62000 rw-p 00000000 00:00 0                          [stack:10285]
7fa20ac62000-7fa20ac6b000 r-xp 00000000 08:01 3933875                    /opt/android-studio/jre/jre/lib/amd64/libmanagement.so
7fa20ac6b000-7fa20ae6a000 ---p 00009000 08:01 3933875                    /opt/android-studio/jre/jre/lib/amd64/libmanagement.so
7fa20ae6a000-7fa20ae6b000 r--p 00008000 08:01 3933875                    /opt/android-studio/jre/jre/lib/amd64/libmanagement.so
7fa20ae6b000-7fa20ae6c000 rw-p 00009000 08:01 3933875                    /opt/android-studio/jre/jre/lib/amd64/libmanagement.so
7fa20ae6c000-7fa20ae71000 r--s 00098000 08:01 3933849                    /opt/android-studio/jre/jre/lib/jsse.jar
7fa20ae71000-7fa20ae73000 r--s 00007000 08:01 2762080                    /home/luiscosta/.gradle/wrapper/dists/gradle-3.3-all/55gk2rcmfc6p2dg9u9ohc3hw9/gradle-3.3/lib/plugins/gradle-tooling-api-builders-3.3.jar
7fa20ae73000-7fa20ae76000 r--s 00009000 08:01 2762073                    /home/luiscosta/.gradle/wrapper/dists/gradle-3.3-all/55gk2rcmfc6p2dg9u9ohc3hw9/gradle-3.3/lib/plugins/gradle-testing-native-3.3.jar
7fa20ae76000-7fa20ae7c000 r--s 00033000 08:01 2762148                    /home/luiscosta/.gradle/wrapper/dists/gradle-3.3-all/55gk2rcmfc6p2dg9u9ohc3hw9/gradle-3.3/lib/plugins/snakeyaml-1.6.jar
7fa20ae7c000-7fa20ae7e000 r--s 00006000 08:01 2762147                    /home/luiscosta/.gradle/wrapper/dists/gradle-3.3-all/55gk2rcmfc6p2dg9u9ohc3hw9/gradle-3.3/lib/plugins/jcommander-1.12.jar
7fa20ae7e000-7fa20ae83000 r--s 00040000 08:01 2762146                    /home/luiscosta/.gradle/wrapper/dists/gradle-3.3-all/55gk2rcmfc6p2dg9u9ohc3hw9/gradle-3.3/lib/plugins/bsh-2.0b4.jar
7fa20ae83000-7fa20ae85000 r--s 00009000 08:01 2762154                    /home/luiscosta/.gradle/wrapper/dists/gradle-3.3-all/55gk2rcmfc6p2dg9u9ohc3hw9/gradle-3.3/lib/plugins/hamcrest-core-1.3.jar
7fa20ae85000-7fa20ae8e000 r--s 00089000 08:01 2762105                    /home/luiscosta/.gradle/wrapper/dists/gradle-3.3-all/55gk2rcmfc6p2dg9u9ohc3hw9/gradle-3.3/lib/plugins/testng-6.3.1.jar
7fa20ae8e000-7fa20ae96000 r--s 00045000 08:01 2762104                    /home/luiscosta/.gradle/wrapper/dists/gradle-3.3-all/55gk2rcmfc6p2dg9u9ohc3hw9/gradle-3.3/lib/plugins/junit-4.12.jar
7fa20ae96000-7fa20ae9c000 r--s 0002e000 08:01 2762074                    /home/luiscosta/.gradle/wrapper/dists/gradle-3.3-all/55gk2rcmfc6p2dg9u9ohc3hw9/gradle-3.3/lib/plugins/gradle-testing-jvm-3.3.jar
7fa20ae9c000-7fa20aea0000 r--s 00016000 08:01 2762072                    /home/luiscosta/.gradle/wrapper/dists/gradle-3.3-all/55gk2rcmfc6p2dg9u9ohc3hw9/gradle-3.3/lib/plugins/gradle-testing-base-3.3.jar
7fa20aea0000-7fa20aea7000 r--s 00038000 08:01 2762099                    /home/luiscosta/.gradle/wrapper/dists/gradle-3.3-all/55gk2rcmfc6p2dg9u9ohc3hw9/gradle-3.3/lib/plugins/bcpg-jdk15on-1.51.jar
7fa20aea7000-7fa20aea9000 r--s 0000c000 08:01 2762051                    /home/luiscosta/.gradle/wrapper/dists/gradle-3.3-all/55gk2rcmfc6p2dg9u9ohc3hw9/gradle-3.3/lib/plugins/gradle-signing-3.3.jar
7fa20aea9000-7fa20aeab000 r--s 00007000 08:01 2762050                    /home/luiscosta/.gradle/wrapper/dists/gradle-3.3-all/55gk2rcmfc6p2dg9u9ohc3hw9/gradle-3.3/lib/plugins/gradle-scala-3.3.jar
7fa20aeab000-7fa20aeac000 r--s 00004000 08:01 2762078                    /home/luiscosta/.gradle/wrapper/dists/gradle-3.3-all/55gk2rcmfc6p2dg9u9ohc3hw9/gradle-3.3/lib/plugins/gradle-resources-sftp-3.3.jar
7fa20aeac000-7fa20aebc000 r--s 00088000 08:01 2762115                    /home/luiscosta/.gradle/wrapper/dists/gradle-3.3-all/55gk2rcmfc6p2dg9u9ohc3hw9/gradle-3.3/lib/plugins/joda-time-2.8.2.jar
7fa20aebc000-7fa20aecd000 r--s 0010d000 08:01 2762114                    /home/luiscosta/.gradle/wrapper/dists/gradle-3.3-all/55gk2rcmfc6p2dg9u9ohc3hw9/gradle-3.3/lib/plugins/jackson-databind-2.6.6.jar
7fa20aecd000-7fa20aed0000 r--s 00009000 08:01 2762113                    /home/luiscosta/.gradle/wrapper/dists/gradle-3.3-all/55gk2rcmfc6p2dg9u9ohc3hw9/gradle-3.3/lib/plugins/jackson-annotations-2.6.6.jar
7fa20aed0000-7fa20aed4000 r--s 0003c000 08:01 2762112                    /home/luiscosta/.gradle/wrapper/dists/gradle-3.3-all/55gk2rcmfc6p2dg9u9ohc3hw9/gradle-3.3/lib/plugins/jackson-core-2.6.6.jar
7fa20aed4000-7fa20aee2000 r--s 00087000 08:01 2762111                    /home/luiscosta/.gradle/wrapper/dists/gradle-3.3-all/55gk2rcmfc6p2dg9u9ohc3hw9/gradle-3.3/lib/plugins/aws-java-sdk-core-1.11.6.jar
7fa20aee2000-7fa20aee9000 r--s 00057000 08:01 2762110                    /home/luiscosta/.gradle/wrapper/dists/gradle-3.3-all/55gk2rcmfc6p2dg9u9ohc3hw9/gradle-3.3/lib/plugins/aws-java-sdk-kms-1.11.6.jar
7fa20aee9000-7fa20aef6000 r--s 0008e000 08:01 2762109                    /home/luiscosta/.gradle/wrapper/dists/gradle-3.3-all/55gk2rcmfc6p2dg9u9ohc3hw9/gradle-3.3/lib/plugins/aws-java-sdk-s3-1.11.6.jar
7fa20aef6000-7fa20aef8000 r--s 00004000 08:01 2762079                    /home/luiscosta/.gradle/wrapper/dists/gradle-3.3-all/55gk2rcmfc6p2dg9u9ohc3hw9/gradle-3.3/lib/plugins/gradle-resources-s3-3.3.jar
7fa20aef8000-7fa20aefa000 r--s 00005000 08:01 2762103                    /home/luiscosta/.gradle/wrapper/dists/gradle-3.3-all/55gk2rcmfc6p2dg9u9ohc3hw9/gradle-3.3/lib/plugins/jatl-0.2.2.jar
7fa20aefa000-7fa20aefc000 r--s 0000f000 08:01 2762056                    /home/luiscosta/.gradle/wrapper/dists/gradle-3.3-all/55gk2rcmfc6p2dg9u9ohc3hw9/gradle-3.3/lib/plugins/gradle-reporting-3.3.jar
7fa20aefc000-7fa20aefe000 r--s 00002000 08:01 2762057                    /home/luiscosta/.gradle/wrapper/dists/gradle-3.3-all/55gk2rcmfc6p2dg9u9ohc3hw9/gradle-3.3/lib/plugins/gradle-publish-3.3.jar
7fa20aefe000-7fa20af00000 r--s 00009000 08:01 2762086                    /home/luiscosta/.gradle/wrapper/dists/gradle-3.3-all/55gk2rcmfc6p2dg9u9ohc3hw9/gradle-3.3/lib/plugins/commons-cli-1.2.jar
7fa20af00000-7fa20af06000 r--s 00031000 08:01 2762042                    /home/luiscosta/.gradle/wrapper/dists/gradle-3.3-all/55gk2rcmfc6p2dg9u9ohc3hw9/gradle-3.3/lib/plugins/gradle-plugins-3.3.jar
7fa20af06000-7fa20af08000 r--s 00009000 08:01 2762075                    /home/luiscosta/.gradle/wrapper/dists/gradle-3.3-all/55gk2rcmfc6p2dg9u9ohc3hw9/gradle-3.3/lib/plugins/gradle-plugin-development-3.3.jar
7fa20af08000-7fa20af0e000 r--s 0002b000 08:01 2762068                    /home/luiscosta/.gradle/wrapper/dists/gradle-3.3-all/55gk2rcmfc6p2dg9u9ohc3hw9/gradle-3.3/lib/plugins/gradle-platform-play-3.3.jar
7fa20af0e000-7fa20af1c000 r--s 00055000 08:01 2762067                    /home/luiscosta/.gradle/wrapper/dists/gradle-3.3-all/55gk2rcmfc6p2dg9u9ohc3hw9/gradle-3.3/lib/plugins/gradle-platform-native-3.3.jar
7fa20af1c000-7fa20af21000 r--s 0001f000 08:01 2762062                    /home/luiscosta/.gradle/wrapper/dists/gradle-3.3-all/55gk2rcmfc6p2dg9u9ohc3hw9/gradle-3.3/lib/plugins/gradle-platform-jvm-3.3.jar
7fa20af21000-7fa20af29000 r--s 00027000 08:01 2762061                    /home/luiscosta/.gradle/wrapper/dists/gradle-3.3-all/55gk2rcmfc6p2dg9u9ohc3hw9/gradle-3.3/lib/plugins/gradle-platform-base-3.3.jar
7fa20af29000-7fa20af51000 r--s 0021c000 08:01 2762094                    /home/luiscosta/.gradle/wrapper/dists/gradle-3.3-all/55gk2rcmfc6p2dg9u9ohc3hw9/gradle-3.3/lib/plugins/biz.aQute.bndlib-3.2.0.jar
7fa20af51000-7fa20af53000 r--s 00003000 08:01 2762046                    /home/luiscosta/.gradle/wrapper/dists/gradle-3.3-all/55gk2rcmfc6p2dg9u9ohc3hw9/gradle-3.3/lib/plugins/gradle-osgi-3.3.jar
7fa20af53000-7fa20af56000 r--s 0000c000 08:01 2762097                    /home/luiscosta/.gradle/wrapper/dists/gradle-3.3-all/55gk2rcmfc6p2dg9u9ohc3hw9/gradle-3.3/lib/plugins/pmaven-groovy-0.8-20100325.jar
7fa20af56000-7fa20af57000 r--s 00004000 08:01 2762096                    /home/luiscosta/.gradle/wrapper/dists/gradle-3.3-all/55gk2rcmfc6p2dg9u9ohc3hw9/gradle-3.3/lib/plugins/pmaven-common-0.8-20100325.jar
7fa20af57000-7fa20af5d000 r--s 00023000 08:01 2762047                    /home/luiscosta/.gradle/wrapper/dists/gradle-3.3-all/55gk2rcmfc6p2dg9u9ohc3hw9/gradle-3.3/lib/plugins/gradle-maven-3.3.jar
7fa20af5d000-7fa20af60000 r--s 0000b000 08:01 2762066                    /home/luiscosta/.gradle/wrapper/dists/gradle-3.3-all/55gk2rcmfc6p2dg9u9ohc3hw9/gradle-3.3/lib/plugins/gradle-language-scala-3.3.jar
7fa20af60000-7fa20af66000 r--s 0001a000 08:01 2762070                    /home/luiscosta/.gradle/wrapper/dists/gradle-3.3-all/55gk2rcmfc6p2dg9u9ohc3hw9/gradle-3.3/lib/plugins/gradle-language-native-3.3.jar
7fa20af66000-7fa20af69000 r--s 00005000 08:01 2762063                    /home/luiscosta/.gradle/wrapper/dists/gradle-3.3-all/55gk2rcmfc6p2dg9u9ohc3hw9/gradle-3.3/lib/plugins/gradle-language-jvm-3.3.jar
7fa20af69000-7fa20af6f000 r--s 00027000 08:01 2762064                    /home/luiscosta/.gradle/wrapper/dists/gradle-3.3-all/55gk2rcmfc6p2dg9u9ohc3hw9/gradle-3.3/lib/plugins/gradle-language-java-3.3.jar
7fa20af6f000-7fa20af71000 r--s 0000a000 08:01 2762065                    /home/luiscosta/.gradle/wrapper/dists/gradle-3.3-all/55gk2rcmfc6p2dg9u9ohc3hw9/gradle-3.3/lib/plugins/gradle-language-groovy-3.3.jar
7fa20af71000-7fa20af74000 r--s 0001e000 08:01 2762121                    /home/luiscosta/.gradle/wrapper/dists/gradle-3.3-all/55gk2rcmfc6p2dg9u9ohc3hw9/gradle-3.3/lib/plugins/jsp-api-2.1-6.1.14.jar
7fa20af74000-7fa20af97000 r--s 00344000 08:01 2762120                    /home/luiscosta/.gradle/wrapper/dists/gradle-3.3-all/55gk2rcmfc6p2dg9u9ohc3hw9/gradle-3.3/lib/plugins/core-3.1.1.jar
7fa20af97000-7fa20af98000 r--s 00006000 08:01 2762119                    /home/luiscosta/.gradle/wrapper/dists/gradle-3.3-all/55gk2rcmfc6p2dg9u9ohc3hw9/gradle-3.3/lib/plugins/jetty-naming-6.1.26.jar
7fa20af98000-7fa20af99000 r--s 00002000 08:01 2762093                    /home/luiscosta/.gradle/wrapper/dists/gradle-3.3-all/55gk2rcmfc6p2dg9u9ohc3hw9/gradle-3.3/lib/plugins/geronimo-annotation_1.0_spec-1.0.jar
7fa20af99000-7fa20af9b000 r--s 00002000 08:01 2762092                    /home/luiscosta/.gradle/wrapper/dists/gradle-3.3-all/55gk2rcmfc6p2dg9u9ohc3hw9/gradle-3.3/lib/plugins/jetty-annotations-6.1.26.jar
7fa20af9b000-7fa20afac000 r--s 000ea000 08:01 2762091                    /home/luiscosta/.gradle/wrapper/dists/gradle-3.3-all/55gk2rcmfc6p2dg9u9ohc3hw9/gradle-3.3/lib/plugins/jsp-2.1-6.1.14.jar
7fa20afac000-7fa20afae000 r--s 0000d000 08:01 2762090                    /home/luiscosta/.gradle/wrapper/dists/gradle-3.3-all/55gk2rcmfc6p2dg9u9ohc3hw9/gradle-3.3/lib/plugins/jetty-plus-6.1.26.jar
7fa20afae000-7fa20afb0000 r--s 0001f000 08:01 2762089                    /home/luiscosta/.gradle/wrapper/dists/gradle-3.3-all/55gk2rcmfc6p2dg9u9ohc3hw9/gradle-3.3/lib/plugins/servlet-api-2.5-20081211.jar
7fa20afb0000-7fa20afb4000 r--s 00028000 08:01 2762088                    /home/luiscosta/.gradle/wrapper/dists/gradle-3.3-all/55gk2rcmfc6p2dg9u9ohc3hw9/gradle-3.3/lib/plugins/jetty-util-6.1.26.jar
7fa20afb4000-7fa20afbb000 r--s 0007d000 08:01 2762087                    /home/luiscosta/.gradle/wrapper/dists/gradle-3.3-all/55gk2rcmfc6p2dg9u9ohc3hw9/gradle-3.3/lib/plugins/jetty-6.1.26.jar
7fa20afbb000-7fa20afbd000 r--s 0000a000 08:01 2762044                    /home/luiscosta/.gradle/wrapper/dists/gradle-3.3-all/55gk2rcmfc6p2dg9u9ohc3hw9/gradle-3.3/lib/plugins/gradle-jetty-3.3.jar
7fa20afbd000-7fa20afc4000 r--s 00035000 08:01 2762102                    /home/luiscosta/.gradle/wrapper/dists/gradle-3.3-all/55gk2rcmfc6p2dg9u9ohc3hw9/gradle-3.3/lib/plugins/simple-4.1.21.jar
7fa20afc4000-7fa20afd0000 r--s 00100000 08:01 2762100                    /home/luiscosta/.gradle/wrapper/dists/gradle-3.3-all/55gk2rcmfc6p2dg9u9ohc3hw9/gradle-3.3/lib/plugins/rhino-1.7R3.jar
7fa20afd0000-7fa20afd4000 r--s 00012000 08:01 2762053                    /home/luiscosta/.gradle/wrapper/dists/gradle-3.3-all/55gk2rcmfc6p2dg9u9ohc3hw9/gradle-3.3/lib/plugins/gradle-javascript-3.3.jar
7fa20afd4000-7fa20afd6000 r--s 0000d000 08:01 2762059                    /home/luiscosta/.gradle/wrapper/dists/gradle-3.3-all/55gk2rcmfc6p2dg9u9ohc3hw9/gradle-3.3/lib/plugins/gradle-jacoco-3.3.jar
7fa20afd6000-7fa20afd9000 r--s 0000e000 08:01 2762058                    /home/luiscosta/.gradle/wrapper/dists/gradle-3.3-all/55gk2rcmfc6p2dg9u9ohc3hw9/gradle-3.3/lib/plugins/gradle-ivy-3.3.jar
7fa20afd9000-7fa20afda000 r--s 00002000 08:01 2762069                    /home/luiscosta/.gradle/wrapper/dists/gradle-3.3-all/55gk2rcmfc6p2dg9u9ohc3hw9/gradle-3.3/lib/plugins/gradle-ide-play-3.3.jar
7fa20afda000-7fa20afdd000 r--s 00013000 08:01 2762071                    /home/luiscosta/.gradle/wrapper/dists/gradle-3.3-all/55gk2rcmfc6p2dg9u9ohc3hw9/gradle-3.3/lib/plugins/gradle-ide-native-3.3.jar
7fa20afdd000-7fa20afe6000 r--s 00055000 08:01 2762048                    /home/luiscosta/.gradle/wrapper/dists/gradle-3.3-all/55gk2rcmfc6p2dg9u9ohc3hw9/gradle-3.3/lib/plugins/gradle-ide-3.3.jar
7fa20afe6000-7fa20afe8000 r--s 00007000 08:01 2762052                    /home/luiscosta/.gradle/wrapper/dists/gradle-3.3-all/55gk2rcmfc6p2dg9u9ohc3hw9/gradle-3.3/lib/plugins/gradle-ear-3.3.jar
7fa20afe8000-7fa20afee000 r--s 00039000 08:01 2762055                    /home/luiscosta/.gradle/wrapper/dists/gradle-3.3-all/55gk2rcmfc6p2dg9u9ohc3hw9/gradle-3.3/lib/plugins/gradle-diagnostics-3.3.jar
7fa20afee000-7fa20afef000 r--s 00009000 08:01 2762081                    /home/luiscosta/.gradle/wrapper/dists/gradle-3.3-all/55gk2rcmfc6p2dg9u9ohc3hw9/gradle-3.3/lib/plugins/gradle-composite-builds-3.3.jar
7fa20afef000-7fa20aff3000 r--s 00023000 08:01 2762043                    /home/luiscosta/.gradle/wrapper/dists/gradle-3.3-all/55gk2rcmfc6p2dg9u9ohc3hw9/gradle-3.3/lib/plugins/gradle-code-quality-3.3.jar
7fa20aff3000-7fa20aff7000 r--s 00022000 08:01 2762060                    /home/luiscosta/.gradle/wrapper/dists/gradle-3.3-all/55gk2rcmfc6p2dg9u9ohc3hw9/gradle-3.3/lib/plugins/gradle-build-init-3.3.jar
7fa20aff7000-7fa20affd000 r--s 0008e000 08:01 2762054                    /home/luiscosta/.gradle/wrapper/dists/gradle-3.3-all/55gk2rcmfc6p2dg9u9ohc3hw9/gradle-3.3/lib/plugins/gradle-build-comparison-3.3.jar
7fa20affd000-7fa20affe000 r--s 00001000 08:01 2762082                    /home/luiscosta/.gradle/wrapper/dists/gradle-3.3-all/55gk2rcmfc6p2dg9u9ohc3hw9/gradle-3.3/lib/plugins/gradle-build-cache-http-3.3.jar
7fa20affe000-7fa20b000000 r--s 00008000 08:01 2762045                    /home/luiscosta/.gradle/wrapper/dists/gradle-3.3-all/55gk2rcmfc6p2dg9u9ohc3hw9/gradle-3.3/lib/plugins/gradle-antlr-3.3.jar
7fa20b000000-7fa20b002000 r--s 00004000 08:01 2762049                    /home/luiscosta/.gradle/wrapper/dists/gradle-3.3-all/55gk2rcmfc6p2dg9u9ohc3hw9/gradle-3.3/lib/plugins/gradle-announce-3.3.jar
7fa20b002000-7fa20b01a000 r--s 00115000 08:01 2762151                    /home/luiscosta/.gradle/wrapper/dists/gradle-3.3-all/55gk2rcmfc6p2dg9u9ohc3hw9/gradle-3.3/lib/plugins/xercesImpl-2.9.1.jar
7fa20b01a000-7fa20b022000 r--s 00028000 08:01 2762152                    /home/luiscosta/.gradle/wrapper/dists/gradle-3.3-all/55gk2rcmfc6p2dg9u9ohc3hw9/gradle-3.3/lib/plugins/xml-apis-1.3.04.jar
7fa20b022000-7fa20b028000 r--s 0005b000 08:01 2762150                    /home/luiscosta/.gradle/wrapper/dists/gradle-3.3-all/55gk2rcmfc6p2dg9u9ohc3hw9/gradle-3.3/lib/plugins/jcifs-1.3.17.jar
7fa20b028000-7fa20b02e000 r--s 00033000 08:01 2762098                    /home/luiscosta/.gradle/wrapper/dists/gradle-3.3-all/55gk2rcmfc6p2dg9u9ohc3hw9/gradle-3.3/lib/plugins/commons-codec-1.6.jar
7fa20b02e000-7fa20b035000 r--s 00049000 08:01 2762149                    /home/luiscosta/.gradle/wrapper/dists/gradle-3.3-all/55gk2rcmfc6p2dg9u9ohc3hw9/gradle-3.3/lib/plugins/httpcore-4.4.4.jar
7fa20b035000-7fa20b038000 r--s 0001c000 08:01 2762107                    /home/luiscosta/.gradle/wrapper/dists/gradle-3.3-all/55gk2rcmfc6p2dg9u9ohc3hw9/gradle-3.3/lib/plugins/nekohtml-1.9.14.jar
7fa20b038000-7fa20b045000 r--s 000a4000 08:01 2762106                    /home/luiscosta/.gradle/wrapper/dists/gradle-3.3-all/55gk2rcmfc6p2dg9u9ohc3hw9/gradle-3.3/lib/plugins/httpclient-4.4.1.jar
7fa20b045000-7fa20b048000 r--s 0000a000 08:01 2762077                    /home/luiscosta/.gradle/wrapper/dists/gradle-3.3-all/55gk2rcmfc6p2dg9u9ohc3hw9/gradle-3.3/lib/plugins/gradle-resources-http-3.3.jar
7fa20b048000-7fa20b04c000 r--s 00015000 08:01 2762076                    /home/luiscosta/.gradle/wrapper/dists/gradle-3.3-all/55gk2rcmfc6p2dg9u9ohc3hw9/gradle-3.3/lib/plugins/gradle-plugin-use-3.3.jar
7fa20b04c000-7fa20b04d000 r--s 00000000 08:01 2761988                    /home/luiscosta/.gradle/wrapper/dists/gradle-3.3-all/55gk2rcmfc6p2dg9u9ohc3hw9/gradle-3.3/lib/gradle-installation-beacon-3.3.jar
7fa20b04d000-7fa20b04f000 r--s 00006000 08:01 2762145                    /home/luiscosta/.gradle/wrapper/dists/gradle-3.3-all/55gk2rcmfc6p2dg9u9ohc3hw9/gradle-3.3/lib/plugins/aether-connector-wagon-1.13.1.jar
7fa20b04f000-7fa20b053000 r--s 0001c000 08:01 2762144                    /home/luiscosta/.gradle/wrapper/dists/gradle-3.3-all/55gk2rcmfc6p2dg9u9ohc3hw9/gradle-3.3/lib/plugins/aether-util-1.13.1.jar
7fa20b053000-7fa20b054000 r--s 00003000 08:01 2762143                    /home/luiscosta/.gradle/wrapper/dists/gradle-3.3-all/55gk2rcmfc6p2dg9u9ohc3hw9/gradle-3.3/lib/plugins/aether-spi-1.13.1.jar
7fa20b054000-7fa20b057000 r--s 0001d000 08:01 2762142                    /home/luiscosta/.gradle/wrapper/dists/gradle-3.3-all/55gk2rcmfc6p2dg9u9ohc3hw9/gradle-3.3/lib/plugins/aether-impl-1.13.1.jar
7fa20b057000-7fa20b05a000 r--s 00013000 08:01 2762141                    /home/luiscosta/.gradle/wrapper/dists/gradle-3.3-all/55gk2rcmfc6p2dg9u9ohc3hw9/gradle-3.3/lib/plugins/aether-api-1.13.1.jar
7fa20b05a000-7fa20b05b000 r--s 00007000 08:01 2762140                    /home/luiscosta/.gradle/wrapper/dists/gradle-3.3-all/55gk2rcmfc6p2dg9u9ohc3hw9/gradle-3.3/lib/plugins/wagon-http-shared4-2.4.jar
7fa20b05b000-7fa20b05d000 r--s 0000b000 08:01 2762139                    /home/luiscosta/.gradle/wrapper/dists/gradle-3.3-all/55gk2rcmfc6p2dg9u9ohc3hw9/gradle-3.3/lib/plugins/wagon-provider-api-2.4.jar
7fa20b05d000-7fa20b05e000 r--s 00002000 08:01 2762138                    /home/luiscosta/.gradle/wrapper/dists/gradle-3.3-all/55gk2rcmfc6p2dg9u9ohc3hw9/gradle-3.3/lib/plugins/wagon-http-2.4.jar
7fa20b05e000-7fa20b05f000 r--s 00002000 08:01 2762137                    /home/luiscosta/.gradle/wrapper/dists/gradle-3.3-all/55gk2rcmfc6p2dg9u9ohc3hw9/gradle-3.3/lib/plugins/wagon-file-2.4.jar
7fa20b05f000-7fa20b061000 r--s 0000c000 08:01 2762136                    /home/luiscosta/.gradle/wrapper/dists/gradle-3.3-all/55gk2rcmfc6p2dg9u9ohc3hw9/gradle-3.3/lib/plugins/maven-aether-provider-3.0.4.jar
7fa20b061000-7fa20b063000 r--s 0000b000 08:01 2762135                    /home/luiscosta/.gradle/wrapper/dists/gradle-3.3-all/55gk2rcmfc6p2dg9u9ohc3hw9/gradle-3.3/lib/plugins/maven-plugin-api-3.0.4.jar
7fa20b063000-7fa20b065000 r--s 00006000 08:01 2762134                    /home/luiscosta/.gradle/wrapper/dists/gradle-3.3-all/55gk2rcmfc6p2dg9u9ohc3hw9/gradle-3.3/lib/plugins/maven-repository-metadata-3.0.4.jar
7fa20b065000-7fa20b067000 r--s 0000b000 08:01 2762133                    /home/luiscosta/.gradle/wrapper/dists/gradle-3.3-all/55gk2rcmfc6p2dg9u9ohc3hw9/gradle-3.3/lib/plugins/maven-artifact-3.0.4.jar
7fa20b067000-7fa20b069000 r--s 00026000 08:01 2762132                    /home/luiscosta/.gradle/wrapper/dists/gradle-3.3-all/55gk2rcmfc6p2dg9u9ohc3hw9/gradle-3.3/lib/plugins/maven-model-3.0.4.jar
7fa20b069000-7fa20b06d000 r--s 00021000 08:01 2762131                    /home/luiscosta/.gradle/wrapper/dists/gradle-3.3-all/55gk2rcmfc6p2dg9u9ohc3hw9/gradle-3.3/lib/plugins/maven-model-builder-3.0.4.jar
7fa20b06d000-7fa20b073000 r--s 0003f000 08:01 2762130                    /home/luiscosta/.gradle/wrapper/dists/gradle-3.3-all/55gk2rcmfc6p2dg9u9ohc3hw9/gradle-3.3/lib/plugins/maven-compat-3.0.4.jar
7fa20b073000-7fa20b075000 r--s 00002000 08:01 2762128                    /home/luiscosta/.gradle/wrapper/dists/gradle-3.3-all/55gk2rcmfc6p2dg9u9ohc3hw9/gradle-3.3/lib/plugins/plexus-cipher-1.7.jar
7fa20b075000-7fa20b077000 r--s 0000a000 08:01 2762127                    /home/luiscosta/.gradle/wrapper/dists/gradle-3.3-all/55gk2rcmfc6p2dg9u9ohc3hw9/gradle-3.3/lib/plugins/plexus-classworlds-2.4.jar
7fa20b077000-7fa20b07e000 r--s 0002e000 08:01 2762126                    /home/luiscosta/.gradle/wrapper/dists/gradle-3.3-all/55gk2rcmfc6p2dg9u9ohc3hw9/gradle-3.3/lib/plugins/plexus-container-default-1.5.5.jar
7fa20b07e000-7fa20b080000 r--s 00000000 08:01 2762153                    /home/luiscosta/.gradle/wrapper/dists/gradle-3.3-all/55gk2rcmfc6p2dg9u9ohc3hw9/gradle-3.3/lib/plugins/plexus-component-annotations-1.5.5.jar
7fa20b080000-7fa20b082000 r--s 0000d000 08:01 2762125                    /home/luiscosta/.gradle/wrapper/dists/gradle-3.3-all/55gk2rcmfc6p2dg9u9ohc3hw9/gradle-3.3/lib/plugins/plexus-interpolation-1.14.jar
7fa20b082000-7fa20b086000 r--s 00033000 08:01 2762124                    /home/luiscosta/.gradle/wrapper/dists/gradle-3.3-all/55gk2rcmfc6p2dg9u9ohc3hw9/gradle-3.3/lib/plugins/plexus-utils-2.0.6.jar
7fa20b086000-7fa20b089000 r--s 00008000 08:01 2762123                    /home/luiscosta/.gradle/wrapper/dists/gradle-3.3-all/55gk2rcmfc6p2dg9u9ohc3hw9/gradle-3.3/lib/plugins/maven-settings-builder-3.0.4.jar
7fa20b089000-7fa20b08b000 r--s 0000a000 08:01 2762122                    /home/luiscosta/.gradle/wrapper/dists/gradle-3.3-all/55gk2rcmfc6p2dg9u9ohc3hw9/gradle-3.3/lib/plugins/maven-settings-3.0.4.jar
7fa20b08b000-7fa20b090000 r--s 00040000 08:01 2762108                    /home/luiscosta/.gradle/wrapper/dists/gradle-3.3-all/55gk2rcmfc6p2dg9u9ohc3hw9/gradle-3.3/lib/plugins/jsch-0.1.53.jar
7fa20b090000-7fa20b0d0000 r--s 00277000 08:01 2762118                    /home/luiscosta/.gradle/wrapper/dists/gradle-3.3-all/55gk2rcmfc6p2dg9u9ohc3hw9/gradle-3.3/lib/plugins/bcprov-jdk15on-1.51.jar
7fa20b0d0000-7fa20b0d4000 r--s 0001d000 08:01 2762117                    /home/luiscosta/.gradle/wrapper/dists/gradle-3.3-all/55gk2rcmfc6p2dg9u9ohc3hw9/gradle-3.3/lib/plugins/xbean-reflect-3.4.jar
7fa20b0d4000-7fa20b0e0000 r--s 0007d000 08:01 2762095                    /home/luiscosta/.gradle/wrapper/dists/gradle-3.3-all/55gk2rcmfc6p2dg9u9ohc3hw9/gradle-3.3/lib/plugins/maven-core-3.0.4.jar
7fa20b0e0000-7fa20b0e5000 r--s 00034000 08:01 2762101                    /home/luiscosta/.gradle/wrapper/dists/gradle-3.3-all/55gk2rcmfc6p2dg9u9ohc3hw9/gradle-3.3/lib/plugins/gson-2.7.jar
7fa20b0e5000-7fa20b0f4000 r--s 000d9000 08:01 2762116                    /home/luiscosta/.gradle/wrapper/dists/gradle-3.3-all/55gk2rcmfc6p2dg9u9ohc3hw9/gradle-3.3/lib/plugins/ivy-2.2.0.jar
7fa20b0f4000-7fa20b10a000 r-xp 00000000 08:01 4588699                    /lib/x86_64-linux-gnu/libgcc_s.so.1
7fa20b10a000-7fa20b309000 ---p 00016000 08:01 4588699                    /lib/x86_64-linux-gnu/libgcc_s.so.1
7fa20b309000-7fa20b30a000 rw-p 00015000 08:01 4588699                    /lib/x86_64-linux-gnu/libgcc_s.so.1
7fa20b30a000-7fa20b3f0000 r-xp 00000000 08:01 12158                      /usr/lib/x86_64-linux-gnu/libstdc++.so.6.0.19
7fa20b3f0000-7fa20b5ef000 ---p 000e6000 08:01 12158                      /usr/lib/x86_64-linux-gnu/libstdc++.so.6.0.19
7fa20b5ef000-7fa20b5f7000 r--p 000e5000 08:01 12158                      /usr/lib/x86_64-linux-gnu/libstdc++.so.6.0.19
7fa20b5f7000-7fa20b5f9000 rw-p 000ed000 08:01 12158                      /usr/lib/x86_64-linux-gnu/libstdc++.so.6.0.19
7fa20b5f9000-7fa20b60e000 rw-p 00000000 00:00 0 
7fa20b60e000-7fa20b60f000 r--s 00006000 08:01 2762129                    /home/luiscosta/.gradle/wrapper/dists/gradle-3.3-all/55gk2rcmfc6p2dg9u9ohc3hw9/gradle-3.3/lib/plugins/plexus-sec-dispatcher-1.3.jar
7fa20b60f000-7fa20b62e000 r--s 000f6000 08:01 2762084                    /home/luiscosta/.gradle/wrapper/dists/gradle-3.3-all/55gk2rcmfc6p2dg9u9ohc3hw9/gradle-3.3/lib/plugins/gradle-dependency-management-3.3.jar
7fa20b62e000-7fa20b630000 r--s 00005000 08:01 2762083                    /home/luiscosta/.gradle/wrapper/dists/gradle-3.3-all/55gk2rcmfc6p2dg9u9ohc3hw9/gradle-3.3/lib/plugins/gradle-workers-3.3.jar
7fa20b630000-7fa20b635000 r-xp 00000000 08:01 2502504                    /home/luiscosta/.gradle/native/23/linux-amd64/libnative-platform.so
7fa20b635000-7fa20b834000 ---p 00005000 08:01 2502504                    /home/luiscosta/.gradle/native/23/linux-amd64/libnative-platform.so
7fa20b834000-7fa20b835000 rw-p 00004000 08:01 2502504                    /home/luiscosta/.gradle/native/23/linux-amd64/libnative-platform.so
7fa20b835000-7fa20b846000 r-xp 00000000 08:01 3933863                    /opt/android-studio/jre/jre/lib/amd64/libnio.so
7fa20b846000-7fa20ba45000 ---p 00011000 08:01 3933863                    /opt/android-studio/jre/jre/lib/amd64/libnio.so
7fa20ba45000-7fa20ba46000 r--p 00010000 08:01 3933863                    /opt/android-studio/jre/jre/lib/amd64/libnio.so
7fa20ba46000-7fa20ba47000 rw-p 00011000 08:01 3933863                    /opt/android-studio/jre/jre/lib/amd64/libnio.so
7fa20ba47000-7fa20ba5e000 r-xp 00000000 08:01 3933861                    /opt/android-studio/jre/jre/lib/amd64/libnet.so
7fa20ba5e000-7fa20bc5d000 ---p 00017000 08:01 3933861                    /opt/android-studio/jre/jre/lib/amd64/libnet.so
7fa20bc5d000-7fa20bc5e000 r--p 00016000 08:01 3933861                    /opt/android-studio/jre/jre/lib/amd64/libnet.so
7fa20bc5e000-7fa20bc5f000 rw-p 00017000 08:01 3933861                    /opt/android-studio/jre/jre/lib/amd64/libnet.so
7fa20bc5f000-7fa20bc60000 r--s 00006000 08:01 2761987                    /home/luiscosta/.gradle/wrapper/dists/gradle-3.3-all/55gk2rcmfc6p2dg9u9ohc3hw9/gradle-3.3/lib/gradle-wrapper-3.3.jar
7fa20bc60000-7fa20bc6d000 r--s 00041000 08:01 2761994                    /home/luiscosta/.gradle/wrapper/dists/gradle-3.3-all/55gk2rcmfc6p2dg9u9ohc3hw9/gradle-3.3/lib/gradle-tooling-api-3.3.jar
7fa20bc6d000-7fa20bc6f000 r--s 00002000 08:01 2762014                    /home/luiscosta/.gradle/wrapper/dists/gradle-3.3-all/55gk2rcmfc6p2dg9u9ohc3hw9/gradle-3.3/lib/gradle-open-api-3.3.jar
7fa20bc6f000-7fa20bc75000 r--s 00032000 08:01 2762016                    /home/luiscosta/.gradle/wrapper/dists/gradle-3.3-all/55gk2rcmfc6p2dg9u9ohc3hw9/gradle-3.3/lib/jaxen-1.1.jar
7fa20bc75000-7fa20bc7a000 r--s 00048000 08:01 2762015                    /home/luiscosta/.gradle/wrapper/dists/gradle-3.3-all/55gk2rcmfc6p2dg9u9ohc3hw9/gradle-3.3/lib/dom4j-1.6.1.jar
7fa20bc7a000-7fa20bc85000 r--s 00059000 08:01 2761993                    /home/luiscosta/.gradle/wrapper/dists/gradle-3.3-all/55gk2rcmfc6p2dg9u9ohc3hw9/gradle-3.3/lib/gradle-ui-3.3.jar
7fa20bc85000-7fa20bc8e000 r--s 0008c000 08:01 2761985                    /home/luiscosta/.gradle/wrapper/dists/gradle-3.3-all/55gk2rcmfc6p2dg9u9ohc3hw9/gradle-3.3/lib/kotlin-stdlib-1.1-M02.jar
7fa20bc8e000-7fa20bc94000 r--s 0002a000 08:01 2761984                    /home/luiscosta/.gradle/wrapper/dists/gradle-3.3-all/55gk2rcmfc6p2dg9u9ohc3hw9/gradle-3.3/lib/kotlin-runtime-1.1-M02.jar
7fa20bc94000-7fa20bcc8000 r--s 00256000 08:01 2761983                    /home/luiscosta/.gradle/wrapper/dists/gradle-3.3-all/55gk2rcmfc6p2dg9u9ohc3hw9/gradle-3.3/lib/kotlin-reflect-1.1-M02.jar
7fa20bcc8000-7fa20be5e000 r--s 0157e000 08:01 2761982                    /home/luiscosta/.gradle/wrapper/dists/gradle-3.3-all/55gk2rcmfc6p2dg9u9ohc3hw9/gradle-3.3/lib/kotlin-compiler-embeddable-1.1-M02.jar
7fa20be5e000-7fa20be66000 r--s 0004e000 08:01 2761981                    /home/luiscosta/.gradle/wrapper/dists/gradle-3.3-all/55gk2rcmfc6p2dg9u9ohc3hw9/gradle-3.3/lib/gradle-script-kotlin-0.5.1.jar
7fa20be66000-7fa20be69000 r--s 0000b000 08:01 2762012                    /home/luiscosta/.gradle/wrapper/dists/gradle-3.3-all/55gk2rcmfc6p2dg9u9ohc3hw9/gradle-3.3/lib/gradle-resources-3.3.jar
7fa20be69000-7fa20be6b000 r--s 00003000 08:01 2762021                    /home/luiscosta/.gradle/wrapper/dists/gradle-3.3-all/55gk2rcmfc6p2dg9u9ohc3hw9/gradle-3.3/lib/jcl-over-slf4j-1.7.10.jar
7fa20be6b000-7fa20be6c000 r--s 00005000 08:01 2762020                    /home/luiscosta/.gradle/wrapper/dists/gradle-3.3-all/55gk2rcmfc6p2dg9u9ohc3hw9/gradle-3.3/lib/log4j-over-slf4j-1.7.10.jar
7fa20be6c000-7fa20be6e000 r--s 00000000 08:01 2762019                    /home/luiscosta/.gradle/wrapper/dists/gradle-3.3-all/55gk2rcmfc6p2dg9u9ohc3hw9/gradle-3.3/lib/jul-to-slf4j-1.7.10.jar
7fa20be6e000-7fa20be73000 r--s 0001e000 08:01 2761996                    /home/luiscosta/.gradle/wrapper/dists/gradle-3.3-all/55gk2rcmfc6p2dg9u9ohc3hw9/gradle-3.3/lib/gradle-logging-3.3.jar
7fa20be73000-7fa20be75000 r--s 00007000 08:01 2762040                    /home/luiscosta/.gradle/wrapper/dists/gradle-3.3-all/55gk2rcmfc6p2dg9u9ohc3hw9/gradle-3.3/lib/objenesis-1.2.jar
7fa20be75000-7fa20be77000 r--s 00000000 08:01 2762039                    /home/luiscosta/.gradle/wrapper/dists/gradle-3.3-all/55gk2rcmfc6p2dg9u9ohc3hw9/gradle-3.3/lib/minlog-1.2.jar
7fa20be77000-7fa20be79000 r--s 0000f000 08:01 2762038                    /home/luiscosta/.gradle/wrapper/dists/gradle-3.3-all/55gk2rcmfc6p2dg9u9ohc3hw9/gradle-3.3/lib/reflectasm-1.07-shaded.jar
7fa20be79000-7fa20be7d000 r--s 00026000 08:01 2762023                    /home/luiscosta/.gradle/wrapper/dists/gradle-3.3-all/55gk2rcmfc6p2dg9u9ohc3hw9/gradle-3.3/lib/kryo-2.20.jar
7fa20be7d000-7fa20be83000 r--s 00027000 08:01 2762011                    /home/luiscosta/.gradle/wrapper/dists/gradle-3.3-all/55gk2rcmfc6p2dg9u9ohc3hw9/gradle-3.3/lib/gradle-messaging-3.3.jar
7fa20be83000-7fa20be84000 r--s 00001000 08:01 2762037                    /home/luiscosta/.gradle/wrapper/dists/gradle-3.3-all/55gk2rcmfc6p2dg9u9ohc3hw9/gradle-3.3/lib/native-platform-linux-i386-ncurses6-0.12.jar
7fa20be84000-7fa20be85000 r--s 00001000 08:01 2762036                    /home/luiscosta/.gradle/wrapper/dists/gradle-3.3-all/55gk2rcmfc6p2dg9u9ohc3hw9/gradle-3.3/lib/native-platform-linux-i386-ncurses5-0.12.jar
7fa20be85000-7fa20be86000 r--s 00001000 08:01 2762035                    /home/luiscosta/.gradle/wrapper/dists/gradle-3.3-all/55gk2rcmfc6p2dg9u9ohc3hw9/gradle-3.3/lib/native-platform-linux-amd64-ncurses6-0.12.jar
7fa20be86000-7fa20be87000 r--s 00001000 08:01 2762034                    /home/luiscosta/.gradle/wrapper/dists/gradle-3.3-all/55gk2rcmfc6p2dg9u9ohc3hw9/gradle-3.3/lib/native-platform-linux-amd64-ncurses5-0.12.jar
7fa20be87000-7fa20be88000 r--s 0000b000 08:01 2762033                    /home/luiscosta/.gradle/wrapper/dists/gradle-3.3-all/55gk2rcmfc6p2dg9u9ohc3hw9/gradle-3.3/lib/native-platform-windows-i386-0.12.jar
7fa20be88000-7fa20be8a000 r--s 0000b000 08:01 2762032                    /home/luiscosta/.gradle/wrapper/dists/gradle-3.3-all/55gk2rcmfc6p2dg9u9ohc3hw9/gradle-3.3/lib/native-platform-windows-amd64-0.12.jar
7fa20be8a000-7fa20be8c000 r--s 00002000 08:01 2762031                    /home/luiscosta/.gradle/wrapper/dists/gradle-3.3-all/55gk2rcmfc6p2dg9u9ohc3hw9/gradle-3.3/lib/native-platform-osx-i386-0.12.jar
7fa20be8c000-7fa20be8d000 r--s 00002000 08:01 2762030                    /home/luiscosta/.gradle/wrapper/dists/gradle-3.3-all/55gk2rcmfc6p2dg9u9ohc3hw9/gradle-3.3/lib/native-platform-osx-amd64-0.12.jar
7fa20be8d000-7fa20be8e000 r--s 00002000 08:01 2762029                    /home/luiscosta/.gradle/wrapper/dists/gradle-3.3-all/55gk2rcmfc6p2dg9u9ohc3hw9/gradle-3.3/lib/native-platform-linux-i386-0.12.jar
7fa20be8e000-7fa20be8f000 r--s 00002000 08:01 2762028                    /home/luiscosta/.gradle/wrapper/dists/gradle-3.3-all/55gk2rcmfc6p2dg9u9ohc3hw9/gradle-3.3/lib/native-platform-linux-amd64-0.12.jar
7fa20be8f000-7fa20beff000 r--s 00641000 08:01 2762001                    /home/luiscosta/.gradle/wrapper/dists/gradle-3.3-all/55gk2rcmfc6p2dg9u9ohc3hw9/gradle-3.3/lib/groovy-all-2.4.7.jar
7fa20beff000-7fa20bf00000 ---p 00000000 00:00 0 
7fa20bf00000-7fa20c000000 rw-p 00000000 00:00 0                          [stack:10282]
7fa20c000000-7fa20c021000 rw-p 00000000 00:00 0 
7fa20c021000-7fa210000000 ---p 00000000 00:00 0 
7fa210000000-7fa2118f7000 rw-p 00000000 00:00 0 
7fa2118f7000-7fa214000000 ---p 00000000 00:00 0 
7fa214000000-7fa214021000 rw-p 00000000 00:00 0 
7fa214021000-7fa218000000 ---p 00000000 00:00 0 
7fa218000000-7fa218021000 rw-p 00000000 00:00 0 
7fa218021000-7fa21c000000 ---p 00000000 00:00 0 
7fa21c000000-7fa21c04c000 rw-p 00000000 00:00 0 
7fa21c04c000-7fa220000000 ---p 00000000 00:00 0 
7fa220000000-7fa22004b000 rw-p 00000000 00:00 0 
7fa22004b000-7fa224000000 ---p 00000000 00:00 0 
7fa224000000-7fa2242d8000 rw-p 00000000 00:00 0 
7fa2242d8000-7fa228000000 ---p 00000000 00:00 0 
7fa228000000-7fa228001000 r--s 00003000 08:01 2762027                    /home/luiscosta/.gradle/wrapper/dists/gradle-3.3-all/55gk2rcmfc6p2dg9u9ohc3hw9/gradle-3.3/lib/native-platform-freebsd-i386-libstdcpp-0.12.jar
7fa228001000-7fa228002000 r--s 00004000 08:01 2762026                    /home/luiscosta/.gradle/wrapper/dists/gradle-3.3-all/55gk2rcmfc6p2dg9u9ohc3hw9/gradle-3.3/lib/native-platform-freebsd-i386-libcpp-0.12.jar
7fa228002000-7fa228004000 r--s 00003000 08:01 2762025                    /home/luiscosta/.gradle/wrapper/dists/gradle-3.3-all/55gk2rcmfc6p2dg9u9ohc3hw9/gradle-3.3/lib/native-platform-freebsd-amd64-libstdcpp-0.12.jar
7fa228004000-7fa228005000 r--s 00004000 08:01 2762024                    /home/luiscosta/.gradle/wrapper/dists/gradle-3.3-all/55gk2rcmfc6p2dg9u9ohc3hw9/gradle-3.3/lib/native-platform-freebsd-amd64-libcpp-0.12.jar
7fa228005000-7fa228008000 r--s 00023000 08:01 2762018                    /home/luiscosta/.gradle/wrapper/dists/gradle-3.3-all/55gk2rcmfc6p2dg9u9ohc3hw9/gradle-3.3/lib/jansi-1.14.jar
7fa228008000-7fa22800c000 r--s 00011000 08:01 2762017                    /home/luiscosta/.gradle/wrapper/dists/gradle-3.3-all/55gk2rcmfc6p2dg9u9ohc3hw9/gradle-3.3/lib/native-platform-0.12.jar
7fa22800c000-7fa22800f000 r--s 0000a000 08:01 2761995                    /home/luiscosta/.gradle/wrapper/dists/gradle-3.3-all/55gk2rcmfc6p2dg9u9ohc3hw9/gradle-3.3/lib/gradle-native-3.3.jar
7fa22800f000-7fa228011000 r--s 00005000 08:01 2761992                    /home/luiscosta/.gradle/wrapper/dists/gradle-3.3-all/55gk2rcmfc6p2dg9u9ohc3hw9/gradle-3.3/lib/gradle-cli-3.3.jar
7fa228011000-7fa228013000 r--s 00007000 08:01 2762003                    /home/luiscosta/.gradle/wrapper/dists/gradle-3.3-all/55gk2rcmfc6p2dg9u9ohc3hw9/gradle-3.3/lib/gradle-model-groovy-3.3.jar
7fa228013000-7fa228015000 r--s 00006000 08:01 2762010                    /home/luiscosta/.gradle/wrapper/dists/gradle-3.3-all/55gk2rcmfc6p2dg9u9ohc3hw9/gradle-3.3/lib/gradle-base-services-groovy-3.3.jar
7fa228015000-7fa228024000 r--s 0007f000 08:01 2762002                    /home/luiscosta/.gradle/wrapper/dists/gradle-3.3-all/55gk2rcmfc6p2dg9u9ohc3hw9/gradle-3.3/lib/gradle-model-core-3.3.jar
7fa228024000-7fa228025000 r--s 00002000 08:01 2762013                    /home/luiscosta/.gradle/wrapper/dists/gradle-3.3-all/55gk2rcmfc6p2dg9u9ohc3hw9/gradle-3.3/lib/gradle-docs-3.3.jar
7fa228025000-7fa228026000 r--s 00000000 08:01 2762009                    /home/luiscosta/.gradle/wrapper/dists/gradle-3.3-all/55gk2rcmfc6p2dg9u9ohc3hw9/gradle-3.3/lib/javax.inject-1.jar
7fa228026000-7fa22802a000 r--s 00027000 08:01 2762007                    /home/luiscosta/.gradle/wrapper/dists/gradle-3.3-all/55gk2rcmfc6p2dg9u9ohc3hw9/gradle-3.3/lib/commons-io-2.2.jar
7fa22802a000-7fa228037000 r--s 00083000 08:01 2762006                    /home/luiscosta/.gradle/wrapper/dists/gradle-3.3-all/55gk2rcmfc6p2dg9u9ohc3hw9/gradle-3.3/lib/commons-collections-3.2.2.jar
7fa228037000-7fa22805f000 r--s 001cf000 08:01 2761998                    /home/luiscosta/.gradle/wrapper/dists/gradle-3.3-all/55gk2rcmfc6p2dg9u9ohc3hw9/gradle-3.3/lib/guava-jdk5-17.0.jar
7fa22805f000-7fa22807e000 r--s 001d1000 08:01 2762005                    /home/luiscosta/.gradle/wrapper/dists/gradle-3.3-all/55gk2rcmfc6p2dg9u9ohc3hw9/gradle-3.3/lib/ant-1.9.6.jar
7fa22807e000-7fa228087000 r--s 00042000 08:01 2761989                    /home/luiscosta/.gradle/wrapper/dists/gradle-3.3-all/55gk2rcmfc6p2dg9u9ohc3hw9/gradle-3.3/lib/gradle-base-services-3.3.jar
7fa228087000-7fa2280c4000 r--s 001f8000 08:01 2761991                    /home/luiscosta/.gradle/wrapper/dists/gradle-3.3-all/55gk2rcmfc6p2dg9u9ohc3hw9/gradle-3.3/lib/gradle-core-3.3.jar
7fa2280c4000-7fa2280d1000 r--s 0005c000 08:01 2761986                    /home/luiscosta/.gradle/wrapper/dists/gradle-3.3-all/55gk2rcmfc6p2dg9u9ohc3hw9/gradle-3.3/lib/gradle-launcher-3.3.jar
7fa2280d1000-7fa2280d4000 ---p 00000000 00:00 0 
7fa2280d4000-7fa2281d2000 rw-p 00000000 00:00 0                          [stack:10281]
7fa2281d2000-7fa2281d5000 ---p 00000000 00:00 0 
7fa2281d5000-7fa2282d3000 rw-p 00000000 00:00 0                          [stack:10280]
7fa2282d3000-7fa2282d6000 ---p 00000000 00:00 0 
7fa2282d6000-7fa2283d4000 rw-p 00000000 00:00 0                          [stack:10279]
7fa2283d4000-7fa2283d7000 ---p 00000000 00:00 0 
7fa2283d7000-7fa2284d5000 rw-p 00000000 00:00 0                          [stack:10278]
7fa2284d5000-7fa22879f000 r--p 00000000 08:01 8973                       /usr/lib/locale/locale-archive
7fa22879f000-7fa2287a2000 ---p 00000000 00:00 0 
7fa2287a2000-7fa2288a0000 rw-p 00000000 00:00 0                          [stack:10277]
7fa2288a0000-7fa2288a3000 ---p 00000000 00:00 0 
7fa2288a3000-7fa2289a1000 rw-p 00000000 00:00 0                          [stack:10276]
7fa2289a1000-7fa2289a2000 ---p 00000000 00:00 0 
7fa2289a2000-7fa2293ab000 rw-p 00000000 00:00 0                          [stack:10275]
7fa2293ab000-7fa22957a000 r--s 03c1b000 08:01 3933831                    /opt/android-studio/jre/jre/lib/rt.jar
7fa22957a000-7fa22bff0000 rw-p 00000000 00:00 0 
7fa22bff0000-7fa22bff1000 ---p 00000000 00:00 0 
7fa22bff1000-7fa22c0f1000 rw-p 00000000 00:00 0                          [stack:10274]
7fa22c0f1000-7fa22c0f2000 ---p 00000000 00:00 0 
7fa22c0f2000-7fa22c209000 rw-p 00000000 00:00 0                          [stack:10273]
7fa22c209000-7fa22c347000 ---p 00000000 00:00 0 
7fa22c347000-7fa22c395000 rw-p 00000000 00:00 0 
7fa22c395000-7fa22c3f2000 ---p 00000000 00:00 0 
7fa22c3f2000-7fa22c44d000 rw-p 00000000 00:00 0 
7fa22c44d000-7fa22c7b3000 ---p 00000000 00:00 0 
7fa22c7b3000-7fa22de23000 rwxp 00000000 00:00 0 
7fa22de23000-7fa23b7b3000 ---p 00000000 00:00 0 
7fa23b7b3000-7fa23b7cd000 r-xp 00000000 08:01 3933858                    /opt/android-studio/jre/jre/lib/amd64/libzip.so
7fa23b7cd000-7fa23b9cd000 ---p 0001a000 08:01 3933858                    /opt/android-studio/jre/jre/lib/amd64/libzip.so
7fa23b9cd000-7fa23b9ce000 r--p 0001a000 08:01 3933858                    /opt/android-studio/jre/jre/lib/amd64/libzip.so
7fa23b9ce000-7fa23b9cf000 rw-p 0001b000 08:01 3933858                    /opt/android-studio/jre/jre/lib/amd64/libzip.so
7fa23b9cf000-7fa23b9d9000 r-xp 00000000 08:01 4610175                    /lib/x86_64-linux-gnu/libnss_files-2.19.so
7fa23b9d9000-7fa23bbd8000 ---p 0000a000 08:01 4610175                    /lib/x86_64-linux-gnu/libnss_files-2.19.so
7fa23bbd8000-7fa23bbd9000 r--p 00009000 08:01 4610175                    /lib/x86_64-linux-gnu/libnss_files-2.19.so
7fa23bbd9000-7fa23bbda000 rw-p 0000a000 08:01 4610175                    /lib/x86_64-linux-gnu/libnss_files-2.19.so
7fa23bbda000-7fa23bbe5000 r-xp 00000000 08:01 4609674                    /lib/x86_64-linux-gnu/libnss_nis-2.19.so
7fa23bbe5000-7fa23bde4000 ---p 0000b000 08:01 4609674                    /lib/x86_64-linux-gnu/libnss_nis-2.19.so
7fa23bde4000-7fa23bde5000 r--p 0000a000 08:01 4609674                    /lib/x86_64-linux-gnu/libnss_nis-2.19.so
7fa23bde5000-7fa23bde6000 rw-p 0000b000 08:01 4609674                    /lib/x86_64-linux-gnu/libnss_nis-2.19.so
7fa23bde6000-7fa23bdfd000 r-xp 00000000 08:01 4610169                    /lib/x86_64-linux-gnu/libnsl-2.19.so
7fa23bdfd000-7fa23bffc000 ---p 00017000 08:01 4610169                    /lib/x86_64-linux-gnu/libnsl-2.19.so
7fa23bffc000-7fa23bffd000 r--p 00016000 08:01 4610169                    /lib/x86_64-linux-gnu/libnsl-2.19.so
7fa23bffd000-7fa23bffe000 rw-p 00017000 08:01 4610169                    /lib/x86_64-linux-gnu/libnsl-2.19.so
7fa23bffe000-7fa23c000000 rw-p 00000000 00:00 0 
7fa23c000000-7fa23cc9a000 rw-p 00000000 00:00 0 
7fa23cc9a000-7fa240000000 ---p 00000000 00:00 0 
7fa240000000-7fa240001000 r--s 00000000 08:01 2762008                    /home/luiscosta/.gradle/wrapper/dists/gradle-3.3-all/55gk2rcmfc6p2dg9u9ohc3hw9/gradle-3.3/lib/jcip-annotations-1.0.jar
7fa240001000-7fa240006000 r--s 00038000 08:01 2762004                    /home/luiscosta/.gradle/wrapper/dists/gradle-3.3-all/55gk2rcmfc6p2dg9u9ohc3hw9/gradle-3.3/lib/asm-all-5.1.jar
7fa240006000-7fa240008000 r--s 00000000 08:01 2761990                    /home/luiscosta/.gradle/wrapper/dists/gradle-3.3-all/55gk2rcmfc6p2dg9u9ohc3hw9/gradle-3.3/lib/gradle-jvm-services-3.3.jar
7fa240008000-7fa240082000 rw-p 00000000 00:00 0 
7fa240082000-7fa2401c1000 ---p 00000000 00:00 0 
7fa2401c1000-7fa2401ca000 r-xp 00000000 08:01 4610167                    /lib/x86_64-linux-gnu/libnss_compat-2.19.so
7fa2401ca000-7fa2403c9000 ---p 00009000 08:01 4610167                    /lib/x86_64-linux-gnu/libnss_compat-2.19.so
7fa2403c9000-7fa2403ca000 r--p 00008000 08:01 4610167                    /lib/x86_64-linux-gnu/libnss_compat-2.19.so
7fa2403ca000-7fa2403cb000 rw-p 00009000 08:01 4610167                    /lib/x86_64-linux-gnu/libnss_compat-2.19.so
7fa2403cb000-7fa2403f8000 r-xp 00000000 08:01 3933868                    /opt/android-studio/jre/jre/lib/amd64/libjava.so
7fa2403f8000-7fa2405f7000 ---p 0002d000 08:01 3933868                    /opt/android-studio/jre/jre/lib/amd64/libjava.so
7fa2405f7000-7fa2405f8000 r--p 0002c000 08:01 3933868                    /opt/android-studio/jre/jre/lib/amd64/libjava.so
7fa2405f8000-7fa2405fa000 rw-p 0002d000 08:01 3933868                    /opt/android-studio/jre/jre/lib/amd64/libjava.so
7fa2405fa000-7fa24060a000 r-xp 00000000 08:01 3933884                    /opt/android-studio/jre/jre/lib/amd64/libverify.so
7fa24060a000-7fa240809000 ---p 00010000 08:01 3933884                    /opt/android-studio/jre/jre/lib/amd64/libverify.so
7fa240809000-7fa24080b000 r--p 0000f000 08:01 3933884                    /opt/android-studio/jre/jre/lib/amd64/libverify.so
7fa24080b000-7fa24080c000 rw-p 00011000 08:01 3933884                    /opt/android-studio/jre/jre/lib/amd64/libverify.so
7fa24080c000-7fa240813000 r-xp 00000000 08:01 4588021                    /lib/x86_64-linux-gnu/librt-2.19.so
7fa240813000-7fa240a12000 ---p 00007000 08:01 4588021                    /lib/x86_64-linux-gnu/librt-2.19.so
7fa240a12000-7fa240a13000 r--p 00006000 08:01 4588021                    /lib/x86_64-linux-gnu/librt-2.19.so
7fa240a13000-7fa240a14000 rw-p 00007000 08:01 4588021                    /lib/x86_64-linux-gnu/librt-2.19.so
7fa240a14000-7fa240b19000 r-xp 00000000 08:01 4610170                    /lib/x86_64-linux-gnu/libm-2.19.so
7fa240b19000-7fa240d18000 ---p 00105000 08:01 4610170                    /lib/x86_64-linux-gnu/libm-2.19.so
7fa240d18000-7fa240d19000 r--p 00104000 08:01 4610170                    /lib/x86_64-linux-gnu/libm-2.19.so
7fa240d19000-7fa240d1a000 rw-p 00105000 08:01 4610170                    /lib/x86_64-linux-gnu/libm-2.19.so
7fa240d1a000-7fa24190b000 r-xp 00000000 08:01 3933888                    /opt/android-studio/jre/jre/lib/amd64/server/libjvm.so
7fa24190b000-7fa241b0b000 ---p 00bf1000 08:01 3933888                    /opt/android-studio/jre/jre/lib/amd64/server/libjvm.so
7fa241b0b000-7fa241baa000 r--p 00bf1000 08:01 3933888                    /opt/android-studio/jre/jre/lib/amd64/server/libjvm.so
7fa241baa000-7fa241bd3000 rw-p 00c90000 08:01 3933888                    /opt/android-studio/jre/jre/lib/amd64/server/libjvm.so
7fa241bd3000-7fa241c17000 rw-p 00000000 00:00 0 
7fa241c17000-7fa241c30000 r-xp 00000000 08:01 4610177                    /lib/x86_64-linux-gnu/libpthread-2.19.so
7fa241c30000-7fa241e2f000 ---p 00019000 08:01 4610177                    /lib/x86_64-linux-gnu/libpthread-2.19.so
7fa241e2f000-7fa241e30000 r--p 00018000 08:01 4610177                    /lib/x86_64-linux-gnu/libpthread-2.19.so
7fa241e30000-7fa241e31000 rw-p 00019000 08:01 4610177                    /lib/x86_64-linux-gnu/libpthread-2.19.so
7fa241e31000-7fa241e35000 rw-p 00000000 00:00 0 
7fa241e35000-7fa241e38000 r-xp 00000000 08:01 4610176                    /lib/x86_64-linux-gnu/libdl-2.19.so
7fa241e38000-7fa242037000 ---p 00003000 08:01 4610176                    /lib/x86_64-linux-gnu/libdl-2.19.so
7fa242037000-7fa242038000 r--p 00002000 08:01 4610176                    /lib/x86_64-linux-gnu/libdl-2.19.so
7fa242038000-7fa242039000 rw-p 00003000 08:01 4610176                    /lib/x86_64-linux-gnu/libdl-2.19.so
7fa242039000-7fa2421f7000 r-xp 00000000 08:01 4610166                    /lib/x86_64-linux-gnu/libc-2.19.so
7fa2421f7000-7fa2423f6000 ---p 001be000 08:01 4610166                    /lib/x86_64-linux-gnu/libc-2.19.so
7fa2423f6000-7fa2423fa000 r--p 001bd000 08:01 4610166                    /lib/x86_64-linux-gnu/libc-2.19.so
7fa2423fa000-7fa2423fc000 rw-p 001c1000 08:01 4610166                    /lib/x86_64-linux-gnu/libc-2.19.so
7fa2423fc000-7fa242401000 rw-p 00000000 00:00 0 
7fa242401000-7fa242417000 r-xp 00000000 08:01 3933748                    /opt/android-studio/jre/lib/amd64/jli/libjli.so
7fa242417000-7fa242616000 ---p 00016000 08:01 3933748                    /opt/android-studio/jre/lib/amd64/jli/libjli.so
7fa242616000-7fa242617000 r--p 00015000 08:01 3933748                    /opt/android-studio/jre/lib/amd64/jli/libjli.so
7fa242617000-7fa242618000 rw-p 00016000 08:01 3933748                    /opt/android-studio/jre/lib/amd64/jli/libjli.so
7fa242618000-7fa24263b000 r-xp 00000000 08:01 4610174                    /lib/x86_64-linux-gnu/ld-2.19.so
7fa24263b000-7fa242640000 r--s 00041000 08:01 2761999                    /home/luiscosta/.gradle/wrapper/dists/gradle-3.3-all/55gk2rcmfc6p2dg9u9ohc3hw9/gradle-3.3/lib/commons-lang-2.6.jar
7fa242640000-7fa242711000 rw-p 00000000 00:00 0 
7fa242711000-7fa242714000 ---p 00000000 00:00 0 
7fa242714000-7fa242816000 rw-p 00000000 00:00 0                          [stack:10272]
7fa242816000-7fa242817000 r--s 00001000 08:01 2762000                    /home/luiscosta/.gradle/wrapper/dists/gradle-3.3-all/55gk2rcmfc6p2dg9u9ohc3hw9/gradle-3.3/lib/gradle-process-services-3.3.jar
7fa242817000-7fa242818000 r--s 00000000 08:01 2762155                    /home/luiscosta/.gradle/wrapper/dists/gradle-3.3-all/55gk2rcmfc6p2dg9u9ohc3hw9/gradle-3.3/lib/gradle-version-info-3.3.jar
7fa242818000-7fa242819000 r--s 00007000 08:01 2761997                    /home/luiscosta/.gradle/wrapper/dists/gradle-3.3-all/55gk2rcmfc6p2dg9u9ohc3hw9/gradle-3.3/lib/slf4j-api-1.7.10.jar
7fa242819000-7fa24281a000 r--s 00004000 08:01 2762022                    /home/luiscosta/.gradle/wrapper/dists/gradle-3.3-all/55gk2rcmfc6p2dg9u9ohc3hw9/gradle-3.3/lib/ant-launcher-1.9.6.jar
7fa24281a000-7fa24282e000 rw-p 00000000 00:00 0 
7fa24282e000-7fa242836000 rw-s 00000000 08:01 15216058                   /tmp/hsperfdata_luiscosta/10269
7fa242836000-7fa242837000 rw-p 00000000 00:00 0 
7fa242837000-7fa242838000 ---p 00000000 00:00 0 
7fa242838000-7fa24283a000 rw-p 00000000 00:00 0 
7fa24283a000-7fa24283b000 r--p 00022000 08:01 4610174                    /lib/x86_64-linux-gnu/ld-2.19.so
7fa24283b000-7fa24283c000 rw-p 00023000 08:01 4610174                    /lib/x86_64-linux-gnu/ld-2.19.so
7fa24283c000-7fa24283d000 rw-p 00000000 00:00 0 
7ffd088f7000-7ffd08918000 rw-p 00000000 00:00 0                          [stack]
7ffd089b5000-7ffd089b7000 r--p 00000000 00:00 0                          [vvar]
7ffd089b7000-7ffd089b9000 r-xp 00000000 00:00 0                          [vdso]
ffffffffff600000-ffffffffff601000 r-xp 00000000 00:00 0                  [vsyscall]

VM Arguments:
jvm_args: -XX:MaxPermSize=256m -XX:+HeapDumpOnOutOfMemoryError -Xmx1024m -Dfile.encoding=UTF-8 -Duser.country=US -Duser.language=en -Duser.variant 
java_command: org.gradle.launcher.daemon.bootstrap.GradleDaemon 3.3
java_class_path (initial): /home/luiscosta/.gradle/wrapper/dists/gradle-3.3-all/55gk2rcmfc6p2dg9u9ohc3hw9/gradle-3.3/lib/gradle-launcher-3.3.jar
Launcher Type: SUN_STANDARD

Environment Variables:
PATH=/usr/local/heroku/bin:/usr/local/sbin:/usr/local/bin:/usr/sbin:/usr/bin:/sbin:/bin:/usr/games:/usr/local/games:/home/luiscosta/.rvm/bin:/opt/PostgreSQL/9.5/bin
USERNAME=luiscosta
LD_LIBRARY_PATH=/opt/android-studio/bin:
SHELL=/usr/bin/fish
DISPLAY=:0

Signal Handlers:
SIGSEGV: [libjvm.so+0x9e5150], sa_mask[0]=11111111011111111101111111111110, sa_flags=SA_RESTART|SA_SIGINFO
SIGBUS: [libjvm.so+0x9e5150], sa_mask[0]=11111111011111111101111111111110, sa_flags=SA_RESTART|SA_SIGINFO
SIGFPE: [libjvm.so+0x848450], sa_mask[0]=11111111011111111101111111111110, sa_flags=SA_RESTART|SA_SIGINFO
SIGPIPE: [libjvm.so+0x848450], sa_mask[0]=11111111011111111101111111111110, sa_flags=SA_RESTART|SA_SIGINFO
SIGXFSZ: [libjvm.so+0x848450], sa_mask[0]=11111111011111111101111111111110, sa_flags=SA_RESTART|SA_SIGINFO
SIGILL: [libjvm.so+0x848450], sa_mask[0]=11111111011111111101111111111110, sa_flags=SA_RESTART|SA_SIGINFO
SIGUSR1: SIG_DFL, sa_mask[0]=00000000000000000000000000000000, sa_flags=none
SIGUSR2: [libjvm.so+0x848320], sa_mask[0]=00100000000000000000000000000000, sa_flags=SA_RESTART|SA_SIGINFO
SIGHUP: [libjvm.so+0x848510], sa_mask[0]=11111111011111111101111111111110, sa_flags=SA_RESTART|SA_SIGINFO
SIGINT: [libjvm.so+0x848510], sa_mask[0]=11111111011111111101111111111110, sa_flags=SA_RESTART|SA_SIGINFO
SIGTERM: [libjvm.so+0x848510], sa_mask[0]=11111111011111111101111111111110, sa_flags=SA_RESTART|SA_SIGINFO
SIGQUIT: [libjvm.so+0x848510], sa_mask[0]=11111111011111111101111111111110, sa_flags=SA_RESTART|SA_SIGINFO


---------------  S Y S T E M  ---------------

OS:DISTRIB_ID=LinuxMint
DISTRIB_RELEASE=17.3
DISTRIB_CODENAME=rosa
DISTRIB_DESCRIPTION="Linux Mint 17.3 Rosa"

uname:Linux 3.19.0-32-generic #37~14.04.1-Ubuntu SMP Thu Oct 22 09:41:40 UTC 2015 x86_64
libc:glibc 2.19 NPTL 2.19 
rlimit: STACK 8192k, CORE 0k, NPROC 15412, NOFILE 4096, AS infinity
load average:4,16 2,47 1,68

/proc/meminfo:
MemTotal:        3979168 kB
MemFree:          158792 kB
MemAvailable:     251212 kB
Buffers:           22764 kB
Cached:           989720 kB
SwapCached:       105592 kB
Active:          2591788 kB
Inactive:        1048368 kB
Active(anon):    2489180 kB
Inactive(anon):   916764 kB
Active(file):     102608 kB
Inactive(file):   131604 kB
Unevictable:         648 kB
Mlocked:             648 kB
SwapTotal:       4123644 kB
SwapFree:        3764404 kB
Dirty:              6620 kB
Writeback:             0 kB
AnonPages:       2528800 kB
Mapped:           696640 kB
Shmem:            778192 kB
Slab:              83692 kB
SReclaimable:      54268 kB
SUnreclaim:        29424 kB
KernelStack:        9952 kB
PageTables:        45660 kB
NFS_Unstable:          0 kB
Bounce:                0 kB
WritebackTmp:          0 kB
CommitLimit:     6113228 kB
Committed_AS:    8022940 kB
VmallocTotal:   34359738367 kB
VmallocUsed:      543548 kB
VmallocChunk:   34359189596 kB
HardwareCorrupted:     0 kB
AnonHugePages:    694272 kB
CmaTotal:              0 kB
CmaFree:               0 kB
HugePages_Total:       0
HugePages_Free:        0
HugePages_Rsvd:        0
HugePages_Surp:        0
Hugepagesize:       2048 kB
DirectMap4k:      128268 kB
DirectMap2M:     3997696 kB


CPU:total 2 (2 cores per cpu, 1 threads per core) family 6 model 23 stepping 10, cmov, cx8, fxsr, mmx, sse, sse2, sse3, ssse3, tsc

/proc/cpuinfo:
processor	: 0
vendor_id	: GenuineIntel
cpu family	: 6
model		: 23
model name	: Pentium(R) Dual-Core CPU       T4300  @ 2.10GHz
stepping	: 10
microcode	: 0xa07
cpu MHz		: 2100.000
cache size	: 1024 KB
physical id	: 0
siblings	: 2
core id		: 0
cpu cores	: 2
apicid		: 0
initial apicid	: 0
fpu		: yes
fpu_exception	: yes
cpuid level	: 13
wp		: yes
flags		: fpu vme de pse tsc msr pae mce cx8 apic sep mtrr pge mca cmov pat pse36 clflush dts acpi mmx fxsr sse sse2 ss ht tm pbe syscall nx lm constant_tsc arch_perfmon pebs bts rep_good nopl aperfmperf pni dtes64 monitor ds_cpl est tm2 ssse3 cx16 xtpr pdcm xsave lahf_lm dtherm
bugs		:
bogomips	: 4189.25
clflush size	: 64
cache_alignment	: 64
address sizes	: 36 bits physical, 48 bits virtual
power management:

processor	: 1
vendor_id	: GenuineIntel
cpu family	: 6
model		: 23
model name	: Pentium(R) Dual-Core CPU       T4300  @ 2.10GHz
stepping	: 10
microcode	: 0xa07
cpu MHz		: 2100.000
cache size	: 1024 KB
physical id	: 0
siblings	: 2
core id		: 1
cpu cores	: 2
apicid		: 1
initial apicid	: 1
fpu		: yes
fpu_exception	: yes
cpuid level	: 13
wp		: yes
flags		: fpu vme de pse tsc msr pae mce cx8 apic sep mtrr pge mca cmov pat pse36 clflush dts acpi mmx fxsr sse sse2 ss ht tm pbe syscall nx lm constant_tsc arch_perfmon pebs bts rep_good nopl aperfmperf pni dtes64 monitor ds_cpl est tm2 ssse3 cx16 xtpr pdcm xsave lahf_lm dtherm
bugs		:
bogomips	: 4189.25
clflush size	: 64
cache_alignment	: 64
address sizes	: 36 bits physical, 48 bits virtual
power management:



Memory: 4k page, physical 3979168k(158792k free), swap 4123644k(3764404k free)

vm_info: OpenJDK 64-Bit Server VM (25.112-b06) for linux-amd64 JRE (1.8.0_112-release-b06), built on Dec  6 2016 12:11:18 by "builder" with gcc 4.8.4

time: Tue May 23 17:33:30 2017
elapsed time: 129 seconds (0d 0h 2m 9s)

